*** Installation started 2018/04/03 15:16 ***
Source: F:\软件\测试\自动化测试\RF\robotframework-ride-1.3.win32.exe
999 Root Key: HKEY_CURRENT_USER
020 Reg DB Key: [Software\Microsoft\Windows\CurrentVersion\Uninstall]robotframework-ride-py2.7
040 Reg DB Value: [Software\Microsoft\Windows\CurrentVersion\Uninstall\robotframework-ride-py2.7]DisplayName=Python 2.7 robotframework-ride-1.3
040 Reg DB Value: [Software\Microsoft\Windows\CurrentVersion\Uninstall\robotframework-ride-py2.7]UninstallString="D:\Python27\Removerobotframework-ride.exe" -u "D:\Python27\robotframework-ride-wininst.log"
100 Made Dir: D:\Python27\Lib\site-packages\robotframework_ride-1.3-py2.7.egg-info
200 File Copy: D:\Python27\Lib\site-packages\robotframework_ride-1.3-py2.7.egg-info\dependency_links.txt
200 File Copy: D:\Python27\Lib\site-packages\robotframework_ride-1.3-py2.7.egg-info\PKG-INFO
200 File Copy: D:\Python27\Lib\site-packages\robotframework_ride-1.3-py2.7.egg-info\requires.txt
200 File Copy: D:\Python27\Lib\site-packages\robotframework_ride-1.3-py2.7.egg-info\SOURCES.txt
200 File Copy: D:\Python27\Lib\site-packages\robotframework_ride-1.3-py2.7.egg-info\top_level.txt
200 File Copy: D:\Python27\Lib\site-packages\robotide\__init__.py
200 File Copy: D:\Python27\Lib\site-packages\robotide\robotapi.py
200 File Copy: D:\Python27\Lib\site-packages\robotide\version.py
100 Made Dir: D:\Python27\Lib\site-packages\robotide\action
200 File Copy: D:\Python27\Lib\site-packages\robotide\action\__init__.py
200 File Copy: D:\Python27\Lib\site-packages\robotide\action\action.py
200 File Copy: D:\Python27\Lib\site-packages\robotide\action\actioninfo.py
200 File Copy: D:\Python27\Lib\site-packages\robotide\action\shortcut.py
200 File Copy: D:\Python27\Lib\site-packages\robotide\application\__init__.py
200 File Copy: D:\Python27\Lib\site-packages\robotide\application\application.py
200 File Copy: D:\Python27\Lib\site-packages\robotide\application\editorprovider.py
200 File Copy: D:\Python27\Lib\site-packages\robotide\application\pluginconnector.py
200 File Copy: D:\Python27\Lib\site-packages\robotide\application\pluginloader.py
200 File Copy: D:\Python27\Lib\site-packages\robotide\application\releasenotes.py
200 File Copy: D:\Python27\Lib\site-packages\robotide\application\updatenotifier.py
100 Made Dir: D:\Python27\Lib\site-packages\robotide\context
200 File Copy: D:\Python27\Lib\site-packages\robotide\context\__init__.py
200 File Copy: D:\Python27\Lib\site-packages\robotide\context\coreplugins.py
200 File Copy: D:\Python27\Lib\site-packages\robotide\context\logger.py
200 File Copy: D:\Python27\Lib\site-packages\robotide\context\platform.py
100 Made Dir: D:\Python27\Lib\site-packages\robotide\contrib
200 File Copy: D:\Python27\Lib\site-packages\robotide\contrib\__init__.py
100 Made Dir: D:\Python27\Lib\site-packages\robotide\contrib\testrunner
200 File Copy: D:\Python27\Lib\site-packages\robotide\contrib\testrunner\__init__.py
200 File Copy: D:\Python27\Lib\site-packages\robotide\contrib\testrunner\runprofiles.py
200 File Copy: D:\Python27\Lib\site-packages\robotide\contrib\testrunner\testrunner.py
200 File Copy: D:\Python27\Lib\site-packages\robotide\contrib\testrunner\TestRunnerAgent.py
200 File Copy: D:\Python27\Lib\site-packages\robotide\contrib\testrunner\testrunnerplugin.py
200 File Copy: D:\Python27\Lib\site-packages\robotide\contrib\testrunner\usages.py
200 File Copy: D:\Python27\Lib\site-packages\robotide\controller\__init__.py
200 File Copy: D:\Python27\Lib\site-packages\robotide\controller\arguments.py
200 File Copy: D:\Python27\Lib\site-packages\robotide\controller\basecontroller.py
200 File Copy: D:\Python27\Lib\site-packages\robotide\controller\cellinfo.py
200 File Copy: D:\Python27\Lib\site-packages\robotide\controller\chiefcontroller.py
200 File Copy: D:\Python27\Lib\site-packages\robotide\controller\commands.py
200 File Copy: D:\Python27\Lib\site-packages\robotide\controller\dataloader.py
200 File Copy: D:\Python27\Lib\site-packages\robotide\controller\filecontrollers.py
200 File Copy: D:\Python27\Lib\site-packages\robotide\controller\macrocontrollers.py
200 File Copy: D:\Python27\Lib\site-packages\robotide\controller\robotdata.py
200 File Copy: D:\Python27\Lib\site-packages\robotide\controller\settingcontrollers.py
200 File Copy: D:\Python27\Lib\site-packages\robotide\controller\stepcontrollers.py
200 File Copy: D:\Python27\Lib\site-packages\robotide\controller\tablecontrollers.py
200 File Copy: D:\Python27\Lib\site-packages\robotide\controller\tags.py
200 File Copy: D:\Python27\Lib\site-packages\robotide\controller\testexecutionresults.py
200 File Copy: D:\Python27\Lib\site-packages\robotide\controller\validators.py
100 Made Dir: D:\Python27\Lib\site-packages\robotide\controller\ui
200 File Copy: D:\Python27\Lib\site-packages\robotide\controller\ui\__init__.py
200 File Copy: D:\Python27\Lib\site-packages\robotide\controller\ui\treecontroller.py
100 Made Dir: D:\Python27\Lib\site-packages\robotide\editor
200 File Copy: D:\Python27\Lib\site-packages\robotide\editor\__init__.py
200 File Copy: D:\Python27\Lib\site-packages\robotide\editor\clipboard.py
200 File Copy: D:\Python27\Lib\site-packages\robotide\editor\contentassist.py
200 File Copy: D:\Python27\Lib\site-packages\robotide\editor\dialoghelps.py
200 File Copy: D:\Python27\Lib\site-packages\robotide\editor\editorcreator.py
200 File Copy: D:\Python27\Lib\site-packages\robotide\editor\editordialogs.py
200 File Copy: D:\Python27\Lib\site-packages\robotide\editor\editors.py
200 File Copy: D:\Python27\Lib\site-packages\robotide\editor\fieldeditors.py
200 File Copy: D:\Python27\Lib\site-packages\robotide\editor\flowsizer.py
200 File Copy: D:\Python27\Lib\site-packages\robotide\editor\formatters.py
200 File Copy: D:\Python27\Lib\site-packages\robotide\editor\grid.py
200 File Copy: D:\Python27\Lib\site-packages\robotide\editor\gridcolorizer.py
200 File Copy: D:\Python27\Lib\site-packages\robotide\editor\kweditor.py
200 File Copy: D:\Python27\Lib\site-packages\robotide\editor\listeditor.py
200 File Copy: D:\Python27\Lib\site-packages\robotide\editor\macroeditors.py
200 File Copy: D:\Python27\Lib\site-packages\robotide\editor\popupwindow.py
200 File Copy: D:\Python27\Lib\site-packages\robotide\editor\robotframeworklexer.py
200 File Copy: D:\Python27\Lib\site-packages\robotide\editor\settingeditors.py
200 File Copy: D:\Python27\Lib\site-packages\robotide\editor\tags.py
200 File Copy: D:\Python27\Lib\site-packages\robotide\editor\texteditor.py
200 File Copy: D:\Python27\Lib\site-packages\robotide\editor\tooltips.py
200 File Copy: D:\Python27\Lib\site-packages\robotide\lib\robot\__init__.py
200 File Copy: D:\Python27\Lib\site-packages\robotide\lib\robot\errors.py
200 File Copy: D:\Python27\Lib\site-packages\robotide\lib\robot\jarrunner.py
200 File Copy: D:\Python27\Lib\site-packages\robotide\lib\robot\jythonworkarounds.py
200 File Copy: D:\Python27\Lib\site-packages\robotide\lib\robot\libdoc.py
200 File Copy: D:\Python27\Lib\site-packages\robotide\lib\robot\pythonpathsetter.py
200 File Copy: D:\Python27\Lib\site-packages\robotide\lib\robot\rebot.py
200 File Copy: D:\Python27\Lib\site-packages\robotide\lib\robot\run.py
200 File Copy: D:\Python27\Lib\site-packages\robotide\lib\robot\runner.py
200 File Copy: D:\Python27\Lib\site-packages\robotide\lib\robot\testdoc.py
200 File Copy: D:\Python27\Lib\site-packages\robotide\lib\robot\tidy.py
200 File Copy: D:\Python27\Lib\site-packages\robotide\lib\robot\version.py
200 File Copy: D:\Python27\Lib\site-packages\robotide\lib\robot\api\__init__.py
200 File Copy: D:\Python27\Lib\site-packages\robotide\lib\robot\api\logger.py
100 Made Dir: D:\Python27\Lib\site-packages\robotide\lib\robot\common
200 File Copy: D:\Python27\Lib\site-packages\robotide\lib\robot\common\__init__.py
200 File Copy: D:\Python27\Lib\site-packages\robotide\lib\robot\common\handlers.py
200 File Copy: D:\Python27\Lib\site-packages\robotide\lib\robot\common\keyword.py
200 File Copy: D:\Python27\Lib\site-packages\robotide\lib\robot\common\libraries.py
200 File Copy: D:\Python27\Lib\site-packages\robotide\lib\robot\common\model.py
200 File Copy: D:\Python27\Lib\site-packages\robotide\lib\robot\common\statistics.py
200 File Copy: D:\Python27\Lib\site-packages\robotide\lib\robot\conf\__init__.py
200 File Copy: D:\Python27\Lib\site-packages\robotide\lib\robot\conf\settings.py
100 Made Dir: D:\Python27\Lib\site-packages\robotide\lib\robot\htmldata
200 File Copy: D:\Python27\Lib\site-packages\robotide\lib\robot\htmldata\__init__.py
200 File Copy: D:\Python27\Lib\site-packages\robotide\lib\robot\htmldata\htmlfilewriter.py
200 File Copy: D:\Python27\Lib\site-packages\robotide\lib\robot\htmldata\jartemplate.py
200 File Copy: D:\Python27\Lib\site-packages\robotide\lib\robot\htmldata\jsonwriter.py
200 File Copy: D:\Python27\Lib\site-packages\robotide\lib\robot\htmldata\normaltemplate.py
200 File Copy: D:\Python27\Lib\site-packages\robotide\lib\robot\htmldata\template.py
100 Made Dir: D:\Python27\Lib\site-packages\robotide\lib\robot\libdocpkg
200 File Copy: D:\Python27\Lib\site-packages\robotide\lib\robot\libdocpkg\__init__.py
200 File Copy: D:\Python27\Lib\site-packages\robotide\lib\robot\libdocpkg\builder.py
200 File Copy: D:\Python27\Lib\site-packages\robotide\lib\robot\libdocpkg\consoleviewer.py
200 File Copy: D:\Python27\Lib\site-packages\robotide\lib\robot\libdocpkg\htmlwriter.py
200 File Copy: D:\Python27\Lib\site-packages\robotide\lib\robot\libdocpkg\javabuilder.py
200 File Copy: D:\Python27\Lib\site-packages\robotide\lib\robot\libdocpkg\model.py
200 File Copy: D:\Python27\Lib\site-packages\robotide\lib\robot\libdocpkg\output.py
200 File Copy: D:\Python27\Lib\site-packages\robotide\lib\robot\libdocpkg\robotbuilder.py
200 File Copy: D:\Python27\Lib\site-packages\robotide\lib\robot\libdocpkg\specbuilder.py
200 File Copy: D:\Python27\Lib\site-packages\robotide\lib\robot\libdocpkg\writer.py
200 File Copy: D:\Python27\Lib\site-packages\robotide\lib\robot\libdocpkg\xmlwriter.py
200 File Copy: D:\Python27\Lib\site-packages\robotide\lib\robot\libraries\__init__.py
200 File Copy: D:\Python27\Lib\site-packages\robotide\lib\robot\libraries\BuiltIn.py
200 File Copy: D:\Python27\Lib\site-packages\robotide\lib\robot\libraries\Collections.py
200 File Copy: D:\Python27\Lib\site-packages\robotide\lib\robot\libraries\DeprecatedBuiltIn.py
200 File Copy: D:\Python27\Lib\site-packages\robotide\lib\robot\libraries\DeprecatedOperatingSystem.py
200 File Copy: D:\Python27\Lib\site-packages\robotide\lib\robot\libraries\Dialogs.py
200 File Copy: D:\Python27\Lib\site-packages\robotide\lib\robot\libraries\dialogs_ipy.py
200 File Copy: D:\Python27\Lib\site-packages\robotide\lib\robot\libraries\dialogs_jy.py
200 File Copy: D:\Python27\Lib\site-packages\robotide\lib\robot\libraries\dialogs_py.py
200 File Copy: D:\Python27\Lib\site-packages\robotide\lib\robot\libraries\Easter.py
200 File Copy: D:\Python27\Lib\site-packages\robotide\lib\robot\libraries\OperatingSystem.py
200 File Copy: D:\Python27\Lib\site-packages\robotide\lib\robot\libraries\Process.py
200 File Copy: D:\Python27\Lib\site-packages\robotide\lib\robot\libraries\Remote.py
200 File Copy: D:\Python27\Lib\site-packages\robotide\lib\robot\libraries\Reserved.py
200 File Copy: D:\Python27\Lib\site-packages\robotide\lib\robot\libraries\Screenshot.py
200 File Copy: D:\Python27\Lib\site-packages\robotide\lib\robot\libraries\String.py
200 File Copy: D:\Python27\Lib\site-packages\robotide\lib\robot\libraries\Telnet.py
200 File Copy: D:\Python27\Lib\site-packages\robotide\lib\robot\libraries\XML.py
200 File Copy: D:\Python27\Lib\site-packages\robotide\lib\robot\model\__init__.py
200 File Copy: D:\Python27\Lib\site-packages\robotide\lib\robot\model\criticality.py
200 File Copy: D:\Python27\Lib\site-packages\robotide\lib\robot\model\filter.py
200 File Copy: D:\Python27\Lib\site-packages\robotide\lib\robot\model\itemlist.py
200 File Copy: D:\Python27\Lib\site-packages\robotide\lib\robot\model\keyword.py
200 File Copy: D:\Python27\Lib\site-packages\robotide\lib\robot\model\message.py
200 File Copy: D:\Python27\Lib\site-packages\robotide\lib\robot\model\metadata.py
200 File Copy: D:\Python27\Lib\site-packages\robotide\lib\robot\model\modelobject.py
200 File Copy: D:\Python27\Lib\site-packages\robotide\lib\robot\model\namepatterns.py
200 File Copy: D:\Python27\Lib\site-packages\robotide\lib\robot\model\statistics.py
200 File Copy: D:\Python27\Lib\site-packages\robotide\lib\robot\model\stats.py
200 File Copy: D:\Python27\Lib\site-packages\robotide\lib\robot\model\suitestatistics.py
200 File Copy: D:\Python27\Lib\site-packages\robotide\lib\robot\model\tags.py
200 File Copy: D:\Python27\Lib\site-packages\robotide\lib\robot\model\tagsetter.py
200 File Copy: D:\Python27\Lib\site-packages\robotide\lib\robot\model\tagstatistics.py
200 File Copy: D:\Python27\Lib\site-packages\robotide\lib\robot\model\testcase.py
200 File Copy: D:\Python27\Lib\site-packages\robotide\lib\robot\model\testsuite.py
200 File Copy: D:\Python27\Lib\site-packages\robotide\lib\robot\model\totalstatistics.py
200 File Copy: D:\Python27\Lib\site-packages\robotide\lib\robot\model\visitor.py
200 File Copy: D:\Python27\Lib\site-packages\robotide\lib\robot\output\__init__.py
200 File Copy: D:\Python27\Lib\site-packages\robotide\lib\robot\output\debugfile.py
200 File Copy: D:\Python27\Lib\site-packages\robotide\lib\robot\output\filelogger.py
200 File Copy: D:\Python27\Lib\site-packages\robotide\lib\robot\output\highlighting.py
200 File Copy: D:\Python27\Lib\site-packages\robotide\lib\robot\output\listeners.py
200 File Copy: D:\Python27\Lib\site-packages\robotide\lib\robot\output\logger.py
200 File Copy: D:\Python27\Lib\site-packages\robotide\lib\robot\output\loggerhelper.py
200 File Copy: D:\Python27\Lib\site-packages\robotide\lib\robot\output\monitor.py
200 File Copy: D:\Python27\Lib\site-packages\robotide\lib\robot\output\output.py
200 File Copy: D:\Python27\Lib\site-packages\robotide\lib\robot\output\pyloggingconf.py
200 File Copy: D:\Python27\Lib\site-packages\robotide\lib\robot\output\stdoutlogsplitter.py
200 File Copy: D:\Python27\Lib\site-packages\robotide\lib\robot\output\xmllogger.py
200 File Copy: D:\Python27\Lib\site-packages\robotide\lib\robot\parsing\__init__.py
200 File Copy: D:\Python27\Lib\site-packages\robotide\lib\robot\parsing\comments.py
200 File Copy: D:\Python27\Lib\site-packages\robotide\lib\robot\parsing\datarow.py
200 File Copy: D:\Python27\Lib\site-packages\robotide\lib\robot\parsing\htmlreader.py
200 File Copy: D:\Python27\Lib\site-packages\robotide\lib\robot\parsing\model.py
200 File Copy: D:\Python27\Lib\site-packages\robotide\lib\robot\parsing\populators.py
200 File Copy: D:\Python27\Lib\site-packages\robotide\lib\robot\parsing\restreader.py
200 File Copy: D:\Python27\Lib\site-packages\robotide\lib\robot\parsing\settings.py
200 File Copy: D:\Python27\Lib\site-packages\robotide\lib\robot\parsing\tablepopulators.py
200 File Copy: D:\Python27\Lib\site-packages\robotide\lib\robot\parsing\tsvreader.py
200 File Copy: D:\Python27\Lib\site-packages\robotide\lib\robot\parsing\txtreader.py
100 Made Dir: D:\Python27\Lib\site-packages\robotide\lib\robot\reporting
200 File Copy: D:\Python27\Lib\site-packages\robotide\lib\robot\reporting\__init__.py
200 File Copy: D:\Python27\Lib\site-packages\robotide\lib\robot\reporting\jsbuildingcontext.py
200 File Copy: D:\Python27\Lib\site-packages\robotide\lib\robot\reporting\jsexecutionresult.py
200 File Copy: D:\Python27\Lib\site-packages\robotide\lib\robot\reporting\jsmodelbuilders.py
200 File Copy: D:\Python27\Lib\site-packages\robotide\lib\robot\reporting\jswriter.py
200 File Copy: D:\Python27\Lib\site-packages\robotide\lib\robot\reporting\logreportwriters.py
200 File Copy: D:\Python27\Lib\site-packages\robotide\lib\robot\reporting\outputwriter.py
200 File Copy: D:\Python27\Lib\site-packages\robotide\lib\robot\reporting\resultwriter.py
200 File Copy: D:\Python27\Lib\site-packages\robotide\lib\robot\reporting\stringcache.py
200 File Copy: D:\Python27\Lib\site-packages\robotide\lib\robot\reporting\xunitwriter.py
200 File Copy: D:\Python27\Lib\site-packages\robotide\lib\robot\result\__init__.py
200 File Copy: D:\Python27\Lib\site-packages\robotide\lib\robot\result\configurer.py
200 File Copy: D:\Python27\Lib\site-packages\robotide\lib\robot\result\executionerrors.py
200 File Copy: D:\Python27\Lib\site-packages\robotide\lib\robot\result\executionresult.py
200 File Copy: D:\Python27\Lib\site-packages\robotide\lib\robot\result\keyword.py
200 File Copy: D:\Python27\Lib\site-packages\robotide\lib\robot\result\keywordremover.py
200 File Copy: D:\Python27\Lib\site-packages\robotide\lib\robot\result\message.py
200 File Copy: D:\Python27\Lib\site-packages\robotide\lib\robot\result\messagefilter.py
200 File Copy: D:\Python27\Lib\site-packages\robotide\lib\robot\result\resultbuilder.py
200 File Copy: D:\Python27\Lib\site-packages\robotide\lib\robot\result\suiteteardownfailed.py
200 File Copy: D:\Python27\Lib\site-packages\robotide\lib\robot\result\testcase.py
200 File Copy: D:\Python27\Lib\site-packages\robotide\lib\robot\result\testsuite.py
200 File Copy: D:\Python27\Lib\site-packages\robotide\lib\robot\result\visitor.py
200 File Copy: D:\Python27\Lib\site-packages\robotide\lib\robot\result\xmlelementhandlers.py
200 File Copy: D:\Python27\Lib\site-packages\robotide\lib\robot\running\__init__.py
200 File Copy: D:\Python27\Lib\site-packages\robotide\lib\robot\running\arguments.py
200 File Copy: D:\Python27\Lib\site-packages\robotide\lib\robot\running\context.py
200 File Copy: D:\Python27\Lib\site-packages\robotide\lib\robot\running\defaultvalues.py
200 File Copy: D:\Python27\Lib\site-packages\robotide\lib\robot\running\fixture.py
200 File Copy: D:\Python27\Lib\site-packages\robotide\lib\robot\running\handlers.py
200 File Copy: D:\Python27\Lib\site-packages\robotide\lib\robot\running\importer.py
200 File Copy: D:\Python27\Lib\site-packages\robotide\lib\robot\running\javaargcoercer.py
200 File Copy: D:\Python27\Lib\site-packages\robotide\lib\robot\running\keywords.py
200 File Copy: D:\Python27\Lib\site-packages\robotide\lib\robot\running\model.py
200 File Copy: D:\Python27\Lib\site-packages\robotide\lib\robot\running\namespace.py
200 File Copy: D:\Python27\Lib\site-packages\robotide\lib\robot\running\outputcapture.py
200 File Copy: D:\Python27\Lib\site-packages\robotide\lib\robot\running\runerrors.py
200 File Copy: D:\Python27\Lib\site-packages\robotide\lib\robot\running\runkwregister.py
200 File Copy: D:\Python27\Lib\site-packages\robotide\lib\robot\running\signalhandler.py
200 File Copy: D:\Python27\Lib\site-packages\robotide\lib\robot\running\testlibraries.py
200 File Copy: D:\Python27\Lib\site-packages\robotide\lib\robot\running\usererrorhandler.py
200 File Copy: D:\Python27\Lib\site-packages\robotide\lib\robot\running\userkeyword.py
200 File Copy: D:\Python27\Lib\site-packages\robotide\lib\robot\running\timeouts\__init__.py
200 File Copy: D:\Python27\Lib\site-packages\robotide\lib\robot\running\timeouts\stoppablethread.py
200 File Copy: D:\Python27\Lib\site-packages\robotide\lib\robot\running\timeouts\timeoutsignaling.py
200 File Copy: D:\Python27\Lib\site-packages\robotide\lib\robot\running\timeouts\timeoutthread.py
200 File Copy: D:\Python27\Lib\site-packages\robotide\lib\robot\running\timeouts\timeoutwin.py
200 File Copy: D:\Python27\Lib\site-packages\robotide\lib\robot\utils\__init__.py
200 File Copy: D:\Python27\Lib\site-packages\robotide\lib\robot\utils\application.py
200 File Copy: D:\Python27\Lib\site-packages\robotide\lib\robot\utils\argumentparser.py
200 File Copy: D:\Python27\Lib\site-packages\robotide\lib\robot\utils\asserts.py
200 File Copy: D:\Python27\Lib\site-packages\robotide\lib\robot\utils\charwidth.py
200 File Copy: D:\Python27\Lib\site-packages\robotide\lib\robot\utils\compress.py
200 File Copy: D:\Python27\Lib\site-packages\robotide\lib\robot\utils\connectioncache.py
200 File Copy: D:\Python27\Lib\site-packages\robotide\lib\robot\utils\encoding.py
200 File Copy: D:\Python27\Lib\site-packages\robotide\lib\robot\utils\encodingsniffer.py
200 File Copy: D:\Python27\Lib\site-packages\robotide\lib\robot\utils\error.py
200 File Copy: D:\Python27\Lib\site-packages\robotide\lib\robot\utils\escaping.py
200 File Copy: D:\Python27\Lib\site-packages\robotide\lib\robot\utils\etreewrapper.py
200 File Copy: D:\Python27\Lib\site-packages\robotide\lib\robot\utils\htmlformatters.py
200 File Copy: D:\Python27\Lib\site-packages\robotide\lib\robot\utils\importer.py
200 File Copy: D:\Python27\Lib\site-packages\robotide\lib\robot\utils\markuputils.py
200 File Copy: D:\Python27\Lib\site-packages\robotide\lib\robot\utils\markupwriters.py
200 File Copy: D:\Python27\Lib\site-packages\robotide\lib\robot\utils\match.py
200 File Copy: D:\Python27\Lib\site-packages\robotide\lib\robot\utils\misc.py
200 File Copy: D:\Python27\Lib\site-packages\robotide\lib\robot\utils\normalizing.py
200 File Copy: D:\Python27\Lib\site-packages\robotide\lib\robot\utils\robotenv.py
200 File Copy: D:\Python27\Lib\site-packages\robotide\lib\robot\utils\robotpath.py
200 File Copy: D:\Python27\Lib\site-packages\robotide\lib\robot\utils\robottime.py
200 File Copy: D:\Python27\Lib\site-packages\robotide\lib\robot\utils\setter.py
200 File Copy: D:\Python27\Lib\site-packages\robotide\lib\robot\utils\text.py
200 File Copy: D:\Python27\Lib\site-packages\robotide\lib\robot\utils\unic.py
200 File Copy: D:\Python27\Lib\site-packages\robotide\lib\robot\variables\__init__.py
200 File Copy: D:\Python27\Lib\site-packages\robotide\lib\robot\variables\isvar.py
200 File Copy: D:\Python27\Lib\site-packages\robotide\lib\robot\variables\variableassigner.py
200 File Copy: D:\Python27\Lib\site-packages\robotide\lib\robot\variables\variables.py
200 File Copy: D:\Python27\Lib\site-packages\robotide\lib\robot\variables\variablesplitter.py
100 Made Dir: D:\Python27\Lib\site-packages\robotide\lib\robot\writer
200 File Copy: D:\Python27\Lib\site-packages\robotide\lib\robot\writer\__init__.py
200 File Copy: D:\Python27\Lib\site-packages\robotide\lib\robot\writer\aligners.py
200 File Copy: D:\Python27\Lib\site-packages\robotide\lib\robot\writer\dataextractor.py
200 File Copy: D:\Python27\Lib\site-packages\robotide\lib\robot\writer\datafilewriter.py
200 File Copy: D:\Python27\Lib\site-packages\robotide\lib\robot\writer\filewriters.py
200 File Copy: D:\Python27\Lib\site-packages\robotide\lib\robot\writer\formatters.py
200 File Copy: D:\Python27\Lib\site-packages\robotide\lib\robot\writer\htmlformatter.py
200 File Copy: D:\Python27\Lib\site-packages\robotide\lib\robot\writer\htmltemplate.py
200 File Copy: D:\Python27\Lib\site-packages\robotide\lib\robot\writer\rowsplitter.py
100 Made Dir: D:\Python27\Lib\site-packages\robotide\log
200 File Copy: D:\Python27\Lib\site-packages\robotide\log\__init__.py
200 File Copy: D:\Python27\Lib\site-packages\robotide\log\log.py
100 Made Dir: D:\Python27\Lib\site-packages\robotide\namespace
200 File Copy: D:\Python27\Lib\site-packages\robotide\namespace\__init__.py
200 File Copy: D:\Python27\Lib\site-packages\robotide\namespace\cache.py
200 File Copy: D:\Python27\Lib\site-packages\robotide\namespace\embeddedargs.py
200 File Copy: D:\Python27\Lib\site-packages\robotide\namespace\local_namespace.py
200 File Copy: D:\Python27\Lib\site-packages\robotide\namespace\namespace.py
200 File Copy: D:\Python27\Lib\site-packages\robotide\namespace\resourcefactory.py
200 File Copy: D:\Python27\Lib\site-packages\robotide\namespace\suggesters.py
200 File Copy: D:\Python27\Lib\site-packages\robotide\namespace\variablefetcher.py
100 Made Dir: D:\Python27\Lib\site-packages\robotide\pluginapi
200 File Copy: D:\Python27\Lib\site-packages\robotide\pluginapi\__init__.py
200 File Copy: D:\Python27\Lib\site-packages\robotide\pluginapi\plugin.py
200 File Copy: D:\Python27\Lib\site-packages\robotide\pluginapi\tree_aware_plugin_mixin.py
200 File Copy: D:\Python27\Lib\site-packages\robotide\preferences\__init__.py
200 File Copy: D:\Python27\Lib\site-packages\robotide\preferences\colors.py
200 File Copy: D:\Python27\Lib\site-packages\robotide\preferences\configobj.py
200 File Copy: D:\Python27\Lib\site-packages\robotide\preferences\editor.py
200 File Copy: D:\Python27\Lib\site-packages\robotide\preferences\excludes.py
200 File Copy: D:\Python27\Lib\site-packages\robotide\preferences\imports.py
200 File Copy: D:\Python27\Lib\site-packages\robotide\preferences\saving.py
200 File Copy: D:\Python27\Lib\site-packages\robotide\preferences\settings.cfg
200 File Copy: D:\Python27\Lib\site-packages\robotide\preferences\settings.py
200 File Copy: D:\Python27\Lib\site-packages\robotide\preferences\widgets.py
200 File Copy: D:\Python27\Lib\site-packages\robotide\publish\__init__.py
200 File Copy: D:\Python27\Lib\site-packages\robotide\publish\messages.py
200 File Copy: D:\Python27\Lib\site-packages\robotide\publish\messagetype.py
200 File Copy: D:\Python27\Lib\site-packages\robotide\publish\publisher.py
100 Made Dir: D:\Python27\Lib\site-packages\robotide\recentfiles
200 File Copy: D:\Python27\Lib\site-packages\robotide\recentfiles\__init__.py
200 File Copy: D:\Python27\Lib\site-packages\robotide\recentfiles\recentfiles.py
100 Made Dir: D:\Python27\Lib\site-packages\robotide\run
200 File Copy: D:\Python27\Lib\site-packages\robotide\run\__init__.py
200 File Copy: D:\Python27\Lib\site-packages\robotide\run\configmanagerui.py
200 File Copy: D:\Python27\Lib\site-packages\robotide\run\process.py
200 File Copy: D:\Python27\Lib\site-packages\robotide\run\runanything.py
200 File Copy: D:\Python27\Lib\site-packages\robotide\run\ui.py
100 Made Dir: D:\Python27\Lib\site-packages\robotide\searchtests
200 File Copy: D:\Python27\Lib\site-packages\robotide\searchtests\__init__.py
200 File Copy: D:\Python27\Lib\site-packages\robotide\searchtests\dialogsearchtests.py
200 File Copy: D:\Python27\Lib\site-packages\robotide\searchtests\searchtests.py
100 Made Dir: D:\Python27\Lib\site-packages\robotide\spec
200 File Copy: D:\Python27\Lib\site-packages\robotide\spec\__init__.py
200 File Copy: D:\Python27\Lib\site-packages\robotide\spec\iteminfo.py
200 File Copy: D:\Python27\Lib\site-packages\robotide\spec\librarydatabase.py
200 File Copy: D:\Python27\Lib\site-packages\robotide\spec\libraryfetcher.py
200 File Copy: D:\Python27\Lib\site-packages\robotide\spec\librarymanager.py
200 File Copy: D:\Python27\Lib\site-packages\robotide\spec\specimporter.py
200 File Copy: D:\Python27\Lib\site-packages\robotide\spec\xmlreaders.py
100 Made Dir: D:\Python27\Lib\site-packages\robotide\ui
200 File Copy: D:\Python27\Lib\site-packages\robotide\ui\__init__.py
200 File Copy: D:\Python27\Lib\site-packages\robotide\ui\actiontriggers.py
200 File Copy: D:\Python27\Lib\site-packages\robotide\ui\filedialogs.py
200 File Copy: D:\Python27\Lib\site-packages\robotide\ui\images.py
200 File Copy: D:\Python27\Lib\site-packages\robotide\ui\keywordsearch.py
200 File Copy: D:\Python27\Lib\site-packages\robotide\ui\mainframe.py
200 File Copy: D:\Python27\Lib\site-packages\robotide\ui\notebook.py
200 File Copy: D:\Python27\Lib\site-packages\robotide\ui\pluginmanager.py
200 File Copy: D:\Python27\Lib\site-packages\robotide\ui\preview.py
200 File Copy: D:\Python27\Lib\site-packages\robotide\ui\progress.py
200 File Copy: D:\Python27\Lib\site-packages\robotide\ui\resourcedialogs.py
200 File Copy: D:\Python27\Lib\site-packages\robotide\ui\review.py
200 File Copy: D:\Python27\Lib\site-packages\robotide\ui\searchdots.py
200 File Copy: D:\Python27\Lib\site-packages\robotide\ui\tagdialogs.py
200 File Copy: D:\Python27\Lib\site-packages\robotide\ui\tree.py
200 File Copy: D:\Python27\Lib\site-packages\robotide\ui\treenodehandlers.py
100 Made Dir: D:\Python27\Lib\site-packages\robotide\usages
200 File Copy: D:\Python27\Lib\site-packages\robotide\usages\__init__.py
200 File Copy: D:\Python27\Lib\site-packages\robotide\usages\commands.py
200 File Copy: D:\Python27\Lib\site-packages\robotide\usages\UsageRunner.py
200 File Copy: D:\Python27\Lib\site-packages\robotide\usages\usagesdialog.py
100 Made Dir: D:\Python27\Lib\site-packages\robotide\utils
200 File Copy: D:\Python27\Lib\site-packages\robotide\utils\__init__.py
200 File Copy: D:\Python27\Lib\site-packages\robotide\utils\eventhandler.py
200 File Copy: D:\Python27\Lib\site-packages\robotide\utils\highlightmatcher.py
200 File Copy: D:\Python27\Lib\site-packages\robotide\utils\printing.py
200 File Copy: D:\Python27\Lib\site-packages\robotide\utils\variablematcher.py
200 File Copy: D:\Python27\Lib\site-packages\robotide\utils\versioncomparator.py
100 Made Dir: D:\Python27\Lib\site-packages\robotide\validators
200 File Copy: D:\Python27\Lib\site-packages\robotide\validators\__init__.py
100 Made Dir: D:\Python27\Lib\site-packages\robotide\widgets
200 File Copy: D:\Python27\Lib\site-packages\robotide\widgets\__init__.py
200 File Copy: D:\Python27\Lib\site-packages\robotide\widgets\button.py
200 File Copy: D:\Python27\Lib\site-packages\robotide\widgets\cog.png
200 File Copy: D:\Python27\Lib\site-packages\robotide\widgets\control_fastforward.png
200 File Copy: D:\Python27\Lib\site-packages\robotide\widgets\control_pause.png
200 File Copy: D:\Python27\Lib\site-packages\robotide\widgets\control_play.png
200 File Copy: D:\Python27\Lib\site-packages\robotide\widgets\control_stop.png
200 File Copy: D:\Python27\Lib\site-packages\robotide\widgets\database_refresh.png
200 File Copy: D:\Python27\Lib\site-packages\robotide\widgets\dialog.py
200 File Copy: D:\Python27\Lib\site-packages\robotide\widgets\dollar.png
200 File Copy: D:\Python27\Lib\site-packages\robotide\widgets\down_arrow.png
200 File Copy: D:\Python27\Lib\site-packages\robotide\widgets\folder.png
200 File Copy: D:\Python27\Lib\site-packages\robotide\widgets\folder_excluded.png
200 File Copy: D:\Python27\Lib\site-packages\robotide\widgets\folder_wrench.png
200 File Copy: D:\Python27\Lib\site-packages\robotide\widgets\font.py
200 File Copy: D:\Python27\Lib\site-packages\robotide\widgets\htmlwindow.py
200 File Copy: D:\Python27\Lib\site-packages\robotide\widgets\images.py
200 File Copy: D:\Python27\Lib\site-packages\robotide\widgets\Kw32.png
200 File Copy: D:\Python27\Lib\site-packages\robotide\widgets\kw_search.png
200 File Copy: D:\Python27\Lib\site-packages\robotide\widgets\kw_search_button.png
200 File Copy: D:\Python27\Lib\site-packages\robotide\widgets\label.py
200 File Copy: D:\Python27\Lib\site-packages\robotide\widgets\list.py
200 File Copy: D:\Python27\Lib\site-packages\robotide\widgets\page_white.png
200 File Copy: D:\Python27\Lib\site-packages\robotide\widgets\page_white_gear.png
200 File Copy: D:\Python27\Lib\site-packages\robotide\widgets\popupmenu.py
200 File Copy: D:\Python27\Lib\site-packages\robotide\widgets\process.png
200 File Copy: D:\Python27\Lib\site-packages\robotide\widgets\report.png
200 File Copy: D:\Python27\Lib\site-packages\robotide\widgets\robot.ico
200 File Copy: D:\Python27\Lib\site-packages\robotide\widgets\robot.png
200 File Copy: D:\Python27\Lib\site-packages\robotide\widgets\robot_failed.png
200 File Copy: D:\Python27\Lib\site-packages\robotide\widgets\robot_passed.png
200 File Copy: D:\Python27\Lib\site-packages\robotide\widgets\robot_running.png
200 File Copy: D:\Python27\Lib\site-packages\robotide\widgets\sizers.py
200 File Copy: D:\Python27\Lib\site-packages\robotide\widgets\switch.png
200 File Copy: D:\Python27\Lib\site-packages\robotide\widgets\T32.png
200 File Copy: D:\Python27\Lib\site-packages\robotide\widgets\test_search.png
200 File Copy: D:\Python27\Lib\site-packages\robotide\widgets\test_search_button.png
200 File Copy: D:\Python27\Lib\site-packages\robotide\widgets\text.py
200 File Copy: D:\Python27\Scripts\ride.py
200 File Copy: D:\Python27\Scripts\ride_postinstall.py
200 File Copy: D:\Python27\Scripts\ride_postinstall.pyc
200 File Copy: D:\Python27\Scripts\ride.pyc
200 File Copy: D:\Python27\Lib\site-packages\robotide\widgets\text.pyc
200 File Copy: D:\Python27\Lib\site-packages\robotide\widgets\sizers.pyc
200 File Copy: D:\Python27\Lib\site-packages\robotide\widgets\popupmenu.pyc
200 File Copy: D:\Python27\Lib\site-packages\robotide\widgets\list.pyc
200 File Copy: D:\Python27\Lib\site-packages\robotide\widgets\label.pyc
200 File Copy: D:\Python27\Lib\site-packages\robotide\widgets\images.pyc
200 File Copy: D:\Python27\Lib\site-packages\robotide\widgets\htmlwindow.pyc
200 File Copy: D:\Python27\Lib\site-packages\robotide\widgets\font.pyc
200 File Copy: D:\Python27\Lib\site-packages\robotide\widgets\dialog.pyc
200 File Copy: D:\Python27\Lib\site-packages\robotide\widgets\button.pyc
200 File Copy: D:\Python27\Lib\site-packages\robotide\widgets\__init__.pyc
200 File Copy: D:\Python27\Lib\site-packages\robotide\validators\__init__.pyc
200 File Copy: D:\Python27\Lib\site-packages\robotide\utils\versioncomparator.pyc
200 File Copy: D:\Python27\Lib\site-packages\robotide\utils\variablematcher.pyc
200 File Copy: D:\Python27\Lib\site-packages\robotide\utils\printing.pyc
200 File Copy: D:\Python27\Lib\site-packages\robotide\utils\highlightmatcher.pyc
200 File Copy: D:\Python27\Lib\site-packages\robotide\utils\eventhandler.pyc
200 File Copy: D:\Python27\Lib\site-packages\robotide\utils\__init__.pyc
200 File Copy: D:\Python27\Lib\site-packages\robotide\usages\usagesdialog.pyc
200 File Copy: D:\Python27\Lib\site-packages\robotide\usages\UsageRunner.pyc
200 File Copy: D:\Python27\Lib\site-packages\robotide\usages\commands.pyc
200 File Copy: D:\Python27\Lib\site-packages\robotide\usages\__init__.pyc
200 File Copy: D:\Python27\Lib\site-packages\robotide\ui\treenodehandlers.pyc
200 File Copy: D:\Python27\Lib\site-packages\robotide\ui\tree.pyc
200 File Copy: D:\Python27\Lib\site-packages\robotide\ui\tagdialogs.pyc
200 File Copy: D:\Python27\Lib\site-packages\robotide\ui\searchdots.pyc
200 File Copy: D:\Python27\Lib\site-packages\robotide\ui\review.pyc
200 File Copy: D:\Python27\Lib\site-packages\robotide\ui\resourcedialogs.pyc
200 File Copy: D:\Python27\Lib\site-packages\robotide\ui\progress.pyc
200 File Copy: D:\Python27\Lib\site-packages\robotide\ui\preview.pyc
200 File Copy: D:\Python27\Lib\site-packages\robotide\ui\pluginmanager.pyc
200 File Copy: D:\Python27\Lib\site-packages\robotide\ui\notebook.pyc
200 File Copy: D:\Python27\Lib\site-packages\robotide\ui\mainframe.pyc
200 File Copy: D:\Python27\Lib\site-packages\robotide\ui\keywordsearch.pyc
200 File Copy: D:\Python27\Lib\site-packages\robotide\ui\images.pyc
200 File Copy: D:\Python27\Lib\site-packages\robotide\ui\filedialogs.pyc
200 File Copy: D:\Python27\Lib\site-packages\robotide\ui\actiontriggers.pyc
200 File Copy: D:\Python27\Lib\site-packages\robotide\ui\__init__.pyc
200 File Copy: D:\Python27\Lib\site-packages\robotide\spec\xmlreaders.pyc
200 File Copy: D:\Python27\Lib\site-packages\robotide\spec\specimporter.pyc
200 File Copy: D:\Python27\Lib\site-packages\robotide\spec\librarymanager.pyc
200 File Copy: D:\Python27\Lib\site-packages\robotide\spec\libraryfetcher.pyc
200 File Copy: D:\Python27\Lib\site-packages\robotide\spec\librarydatabase.pyc
200 File Copy: D:\Python27\Lib\site-packages\robotide\spec\iteminfo.pyc
200 File Copy: D:\Python27\Lib\site-packages\robotide\spec\__init__.pyc
200 File Copy: D:\Python27\Lib\site-packages\robotide\searchtests\searchtests.pyc
200 File Copy: D:\Python27\Lib\site-packages\robotide\searchtests\dialogsearchtests.pyc
200 File Copy: D:\Python27\Lib\site-packages\robotide\searchtests\__init__.pyc
200 File Copy: D:\Python27\Lib\site-packages\robotide\run\ui.pyc
200 File Copy: D:\Python27\Lib\site-packages\robotide\run\runanything.pyc
200 File Copy: D:\Python27\Lib\site-packages\robotide\run\process.pyc
200 File Copy: D:\Python27\Lib\site-packages\robotide\run\configmanagerui.pyc
200 File Copy: D:\Python27\Lib\site-packages\robotide\run\__init__.pyc
200 File Copy: D:\Python27\Lib\site-packages\robotide\recentfiles\recentfiles.pyc
200 File Copy: D:\Python27\Lib\site-packages\robotide\recentfiles\__init__.pyc
200 File Copy: D:\Python27\Lib\site-packages\robotide\publish\publisher.pyc
200 File Copy: D:\Python27\Lib\site-packages\robotide\publish\messagetype.pyc
200 File Copy: D:\Python27\Lib\site-packages\robotide\publish\messages.pyc
200 File Copy: D:\Python27\Lib\site-packages\robotide\publish\__init__.pyc
200 File Copy: D:\Python27\Lib\site-packages\robotide\preferences\widgets.pyc
200 File Copy: D:\Python27\Lib\site-packages\robotide\preferences\settings.pyc
200 File Copy: D:\Python27\Lib\site-packages\robotide\preferences\saving.pyc
200 File Copy: D:\Python27\Lib\site-packages\robotide\preferences\imports.pyc
200 File Copy: D:\Python27\Lib\site-packages\robotide\preferences\excludes.pyc
200 File Copy: D:\Python27\Lib\site-packages\robotide\preferences\editor.pyc
200 File Copy: D:\Python27\Lib\site-packages\robotide\preferences\configobj.pyc
200 File Copy: D:\Python27\Lib\site-packages\robotide\preferences\colors.pyc
200 File Copy: D:\Python27\Lib\site-packages\robotide\preferences\__init__.pyc
200 File Copy: D:\Python27\Lib\site-packages\robotide\pluginapi\tree_aware_plugin_mixin.pyc
200 File Copy: D:\Python27\Lib\site-packages\robotide\pluginapi\plugin.pyc
200 File Copy: D:\Python27\Lib\site-packages\robotide\pluginapi\__init__.pyc
200 File Copy: D:\Python27\Lib\site-packages\robotide\namespace\variablefetcher.pyc
200 File Copy: D:\Python27\Lib\site-packages\robotide\namespace\suggesters.pyc
200 File Copy: D:\Python27\Lib\site-packages\robotide\namespace\resourcefactory.pyc
200 File Copy: D:\Python27\Lib\site-packages\robotide\namespace\namespace.pyc
200 File Copy: D:\Python27\Lib\site-packages\robotide\namespace\local_namespace.pyc
200 File Copy: D:\Python27\Lib\site-packages\robotide\namespace\embeddedargs.pyc
200 File Copy: D:\Python27\Lib\site-packages\robotide\namespace\cache.pyc
200 File Copy: D:\Python27\Lib\site-packages\robotide\namespace\__init__.pyc
200 File Copy: D:\Python27\Lib\site-packages\robotide\log\log.pyc
200 File Copy: D:\Python27\Lib\site-packages\robotide\log\__init__.pyc
200 File Copy: D:\Python27\Lib\site-packages\robotide\lib\robot\writer\rowsplitter.pyc
200 File Copy: D:\Python27\Lib\site-packages\robotide\lib\robot\writer\htmltemplate.pyc
200 File Copy: D:\Python27\Lib\site-packages\robotide\lib\robot\writer\htmlformatter.pyc
200 File Copy: D:\Python27\Lib\site-packages\robotide\lib\robot\writer\formatters.pyc
200 File Copy: D:\Python27\Lib\site-packages\robotide\lib\robot\writer\filewriters.pyc
200 File Copy: D:\Python27\Lib\site-packages\robotide\lib\robot\writer\datafilewriter.pyc
200 File Copy: D:\Python27\Lib\site-packages\robotide\lib\robot\writer\dataextractor.pyc
200 File Copy: D:\Python27\Lib\site-packages\robotide\lib\robot\writer\aligners.pyc
200 File Copy: D:\Python27\Lib\site-packages\robotide\lib\robot\writer\__init__.pyc
200 File Copy: D:\Python27\Lib\site-packages\robotide\lib\robot\variables\variablesplitter.pyc
200 File Copy: D:\Python27\Lib\site-packages\robotide\lib\robot\variables\variables.pyc
200 File Copy: D:\Python27\Lib\site-packages\robotide\lib\robot\variables\variableassigner.pyc
200 File Copy: D:\Python27\Lib\site-packages\robotide\lib\robot\variables\isvar.pyc
200 File Copy: D:\Python27\Lib\site-packages\robotide\lib\robot\variables\__init__.pyc
200 File Copy: D:\Python27\Lib\site-packages\robotide\lib\robot\utils\unic.pyc
200 File Copy: D:\Python27\Lib\site-packages\robotide\lib\robot\utils\text.pyc
200 File Copy: D:\Python27\Lib\site-packages\robotide\lib\robot\utils\setter.pyc
200 File Copy: D:\Python27\Lib\site-packages\robotide\lib\robot\utils\robottime.pyc
200 File Copy: D:\Python27\Lib\site-packages\robotide\lib\robot\utils\robotpath.pyc
200 File Copy: D:\Python27\Lib\site-packages\robotide\lib\robot\utils\robotenv.pyc
200 File Copy: D:\Python27\Lib\site-packages\robotide\lib\robot\utils\normalizing.pyc
200 File Copy: D:\Python27\Lib\site-packages\robotide\lib\robot\utils\misc.pyc
200 File Copy: D:\Python27\Lib\site-packages\robotide\lib\robot\utils\match.pyc
200 File Copy: D:\Python27\Lib\site-packages\robotide\lib\robot\utils\markupwriters.pyc
200 File Copy: D:\Python27\Lib\site-packages\robotide\lib\robot\utils\markuputils.pyc
200 File Copy: D:\Python27\Lib\site-packages\robotide\lib\robot\utils\importer.pyc
200 File Copy: D:\Python27\Lib\site-packages\robotide\lib\robot\utils\htmlformatters.pyc
200 File Copy: D:\Python27\Lib\site-packages\robotide\lib\robot\utils\etreewrapper.pyc
200 File Copy: D:\Python27\Lib\site-packages\robotide\lib\robot\utils\escaping.pyc
200 File Copy: D:\Python27\Lib\site-packages\robotide\lib\robot\utils\error.pyc
200 File Copy: D:\Python27\Lib\site-packages\robotide\lib\robot\utils\encodingsniffer.pyc
200 File Copy: D:\Python27\Lib\site-packages\robotide\lib\robot\utils\encoding.pyc
200 File Copy: D:\Python27\Lib\site-packages\robotide\lib\robot\utils\connectioncache.pyc
200 File Copy: D:\Python27\Lib\site-packages\robotide\lib\robot\utils\compress.pyc
200 File Copy: D:\Python27\Lib\site-packages\robotide\lib\robot\utils\charwidth.pyc
200 File Copy: D:\Python27\Lib\site-packages\robotide\lib\robot\utils\asserts.pyc
200 File Copy: D:\Python27\Lib\site-packages\robotide\lib\robot\utils\argumentparser.pyc
200 File Copy: D:\Python27\Lib\site-packages\robotide\lib\robot\utils\application.pyc
200 File Copy: D:\Python27\Lib\site-packages\robotide\lib\robot\utils\__init__.pyc
200 File Copy: D:\Python27\Lib\site-packages\robotide\lib\robot\running\timeouts\timeoutwin.pyc
200 File Copy: D:\Python27\Lib\site-packages\robotide\lib\robot\running\timeouts\timeoutthread.pyc
200 File Copy: D:\Python27\Lib\site-packages\robotide\lib\robot\running\timeouts\timeoutsignaling.pyc
200 File Copy: D:\Python27\Lib\site-packages\robotide\lib\robot\running\timeouts\stoppablethread.pyc
200 File Copy: D:\Python27\Lib\site-packages\robotide\lib\robot\running\timeouts\__init__.pyc
200 File Copy: D:\Python27\Lib\site-packages\robotide\lib\robot\running\userkeyword.pyc
200 File Copy: D:\Python27\Lib\site-packages\robotide\lib\robot\running\usererrorhandler.pyc
200 File Copy: D:\Python27\Lib\site-packages\robotide\lib\robot\running\testlibraries.pyc
200 File Copy: D:\Python27\Lib\site-packages\robotide\lib\robot\running\signalhandler.pyc
200 File Copy: D:\Python27\Lib\site-packages\robotide\lib\robot\running\runkwregister.pyc
200 File Copy: D:\Python27\Lib\site-packages\robotide\lib\robot\running\runerrors.pyc
200 File Copy: D:\Python27\Lib\site-packages\robotide\lib\robot\running\outputcapture.pyc
200 File Copy: D:\Python27\Lib\site-packages\robotide\lib\robot\running\namespace.pyc
200 File Copy: D:\Python27\Lib\site-packages\robotide\lib\robot\running\model.pyc
200 File Copy: D:\Python27\Lib\site-packages\robotide\lib\robot\running\keywords.pyc
200 File Copy: D:\Python27\Lib\site-packages\robotide\lib\robot\running\javaargcoercer.pyc
200 File Copy: D:\Python27\Lib\site-packages\robotide\lib\robot\running\importer.pyc
200 File Copy: D:\Python27\Lib\site-packages\robotide\lib\robot\running\handlers.pyc
200 File Copy: D:\Python27\Lib\site-packages\robotide\lib\robot\running\fixture.pyc
200 File Copy: D:\Python27\Lib\site-packages\robotide\lib\robot\running\defaultvalues.pyc
200 File Copy: D:\Python27\Lib\site-packages\robotide\lib\robot\running\context.pyc
200 File Copy: D:\Python27\Lib\site-packages\robotide\lib\robot\running\arguments.pyc
200 File Copy: D:\Python27\Lib\site-packages\robotide\lib\robot\running\__init__.pyc
200 File Copy: D:\Python27\Lib\site-packages\robotide\lib\robot\result\xmlelementhandlers.pyc
200 File Copy: D:\Python27\Lib\site-packages\robotide\lib\robot\result\visitor.pyc
200 File Copy: D:\Python27\Lib\site-packages\robotide\lib\robot\result\testsuite.pyc
200 File Copy: D:\Python27\Lib\site-packages\robotide\lib\robot\result\testcase.pyc
200 File Copy: D:\Python27\Lib\site-packages\robotide\lib\robot\result\suiteteardownfailed.pyc
200 File Copy: D:\Python27\Lib\site-packages\robotide\lib\robot\result\resultbuilder.pyc
200 File Copy: D:\Python27\Lib\site-packages\robotide\lib\robot\result\messagefilter.pyc
200 File Copy: D:\Python27\Lib\site-packages\robotide\lib\robot\result\message.pyc
200 File Copy: D:\Python27\Lib\site-packages\robotide\lib\robot\result\keywordremover.pyc
200 File Copy: D:\Python27\Lib\site-packages\robotide\lib\robot\result\keyword.pyc
200 File Copy: D:\Python27\Lib\site-packages\robotide\lib\robot\result\executionresult.pyc
200 File Copy: D:\Python27\Lib\site-packages\robotide\lib\robot\result\executionerrors.pyc
200 File Copy: D:\Python27\Lib\site-packages\robotide\lib\robot\result\configurer.pyc
200 File Copy: D:\Python27\Lib\site-packages\robotide\lib\robot\result\__init__.pyc
200 File Copy: D:\Python27\Lib\site-packages\robotide\lib\robot\reporting\xunitwriter.pyc
200 File Copy: D:\Python27\Lib\site-packages\robotide\lib\robot\reporting\stringcache.pyc
200 File Copy: D:\Python27\Lib\site-packages\robotide\lib\robot\reporting\resultwriter.pyc
200 File Copy: D:\Python27\Lib\site-packages\robotide\lib\robot\reporting\outputwriter.pyc
200 File Copy: D:\Python27\Lib\site-packages\robotide\lib\robot\reporting\logreportwriters.pyc
200 File Copy: D:\Python27\Lib\site-packages\robotide\lib\robot\reporting\jswriter.pyc
200 File Copy: D:\Python27\Lib\site-packages\robotide\lib\robot\reporting\jsmodelbuilders.pyc
200 File Copy: D:\Python27\Lib\site-packages\robotide\lib\robot\reporting\jsexecutionresult.pyc
200 File Copy: D:\Python27\Lib\site-packages\robotide\lib\robot\reporting\jsbuildingcontext.pyc
200 File Copy: D:\Python27\Lib\site-packages\robotide\lib\robot\reporting\__init__.pyc
200 File Copy: D:\Python27\Lib\site-packages\robotide\lib\robot\parsing\txtreader.pyc
200 File Copy: D:\Python27\Lib\site-packages\robotide\lib\robot\parsing\tsvreader.pyc
200 File Copy: D:\Python27\Lib\site-packages\robotide\lib\robot\parsing\tablepopulators.pyc
200 File Copy: D:\Python27\Lib\site-packages\robotide\lib\robot\parsing\settings.pyc
200 File Copy: D:\Python27\Lib\site-packages\robotide\lib\robot\parsing\restreader.pyc
200 File Copy: D:\Python27\Lib\site-packages\robotide\lib\robot\parsing\populators.pyc
200 File Copy: D:\Python27\Lib\site-packages\robotide\lib\robot\parsing\model.pyc
200 File Copy: D:\Python27\Lib\site-packages\robotide\lib\robot\parsing\htmlreader.pyc
200 File Copy: D:\Python27\Lib\site-packages\robotide\lib\robot\parsing\datarow.pyc
200 File Copy: D:\Python27\Lib\site-packages\robotide\lib\robot\parsing\comments.pyc
200 File Copy: D:\Python27\Lib\site-packages\robotide\lib\robot\parsing\__init__.pyc
200 File Copy: D:\Python27\Lib\site-packages\robotide\lib\robot\output\xmllogger.pyc
200 File Copy: D:\Python27\Lib\site-packages\robotide\lib\robot\output\stdoutlogsplitter.pyc
200 File Copy: D:\Python27\Lib\site-packages\robotide\lib\robot\output\pyloggingconf.pyc
200 File Copy: D:\Python27\Lib\site-packages\robotide\lib\robot\output\output.pyc
200 File Copy: D:\Python27\Lib\site-packages\robotide\lib\robot\output\monitor.pyc
200 File Copy: D:\Python27\Lib\site-packages\robotide\lib\robot\output\loggerhelper.pyc
200 File Copy: D:\Python27\Lib\site-packages\robotide\lib\robot\output\logger.pyc
200 File Copy: D:\Python27\Lib\site-packages\robotide\lib\robot\output\listeners.pyc
200 File Copy: D:\Python27\Lib\site-packages\robotide\lib\robot\output\highlighting.pyc
200 File Copy: D:\Python27\Lib\site-packages\robotide\lib\robot\output\filelogger.pyc
200 File Copy: D:\Python27\Lib\site-packages\robotide\lib\robot\output\debugfile.pyc
200 File Copy: D:\Python27\Lib\site-packages\robotide\lib\robot\output\__init__.pyc
200 File Copy: D:\Python27\Lib\site-packages\robotide\lib\robot\model\visitor.pyc
200 File Copy: D:\Python27\Lib\site-packages\robotide\lib\robot\model\totalstatistics.pyc
200 File Copy: D:\Python27\Lib\site-packages\robotide\lib\robot\model\testsuite.pyc
200 File Copy: D:\Python27\Lib\site-packages\robotide\lib\robot\model\testcase.pyc
200 File Copy: D:\Python27\Lib\site-packages\robotide\lib\robot\model\tagstatistics.pyc
200 File Copy: D:\Python27\Lib\site-packages\robotide\lib\robot\model\tagsetter.pyc
200 File Copy: D:\Python27\Lib\site-packages\robotide\lib\robot\model\tags.pyc
200 File Copy: D:\Python27\Lib\site-packages\robotide\lib\robot\model\suitestatistics.pyc
200 File Copy: D:\Python27\Lib\site-packages\robotide\lib\robot\model\stats.pyc
200 File Copy: D:\Python27\Lib\site-packages\robotide\lib\robot\model\statistics.pyc
200 File Copy: D:\Python27\Lib\site-packages\robotide\lib\robot\model\namepatterns.pyc
200 File Copy: D:\Python27\Lib\site-packages\robotide\lib\robot\model\modelobject.pyc
200 File Copy: D:\Python27\Lib\site-packages\robotide\lib\robot\model\metadata.pyc
200 File Copy: D:\Python27\Lib\site-packages\robotide\lib\robot\model\message.pyc
200 File Copy: D:\Python27\Lib\site-packages\robotide\lib\robot\model\keyword.pyc
200 File Copy: D:\Python27\Lib\site-packages\robotide\lib\robot\model\itemlist.pyc
200 File Copy: D:\Python27\Lib\site-packages\robotide\lib\robot\model\filter.pyc
200 File Copy: D:\Python27\Lib\site-packages\robotide\lib\robot\model\criticality.pyc
200 File Copy: D:\Python27\Lib\site-packages\robotide\lib\robot\model\__init__.pyc
200 File Copy: D:\Python27\Lib\site-packages\robotide\lib\robot\libraries\XML.pyc
200 File Copy: D:\Python27\Lib\site-packages\robotide\lib\robot\libraries\Telnet.pyc
200 File Copy: D:\Python27\Lib\site-packages\robotide\lib\robot\libraries\String.pyc
200 File Copy: D:\Python27\Lib\site-packages\robotide\lib\robot\libraries\Screenshot.pyc
200 File Copy: D:\Python27\Lib\site-packages\robotide\lib\robot\libraries\Reserved.pyc
200 File Copy: D:\Python27\Lib\site-packages\robotide\lib\robot\libraries\Remote.pyc
200 File Copy: D:\Python27\Lib\site-packages\robotide\lib\robot\libraries\Process.pyc
200 File Copy: D:\Python27\Lib\site-packages\robotide\lib\robot\libraries\OperatingSystem.pyc
200 File Copy: D:\Python27\Lib\site-packages\robotide\lib\robot\libraries\Easter.pyc
200 File Copy: D:\Python27\Lib\site-packages\robotide\lib\robot\libraries\dialogs_py.pyc
200 File Copy: D:\Python27\Lib\site-packages\robotide\lib\robot\libraries\dialogs_jy.pyc
200 File Copy: D:\Python27\Lib\site-packages\robotide\lib\robot\libraries\dialogs_ipy.pyc
200 File Copy: D:\Python27\Lib\site-packages\robotide\lib\robot\libraries\Dialogs.pyc
200 File Copy: D:\Python27\Lib\site-packages\robotide\lib\robot\libraries\DeprecatedOperatingSystem.pyc
200 File Copy: D:\Python27\Lib\site-packages\robotide\lib\robot\libraries\DeprecatedBuiltIn.pyc
200 File Copy: D:\Python27\Lib\site-packages\robotide\lib\robot\libraries\Collections.pyc
200 File Copy: D:\Python27\Lib\site-packages\robotide\lib\robot\libraries\BuiltIn.pyc
200 File Copy: D:\Python27\Lib\site-packages\robotide\lib\robot\libraries\__init__.pyc
200 File Copy: D:\Python27\Lib\site-packages\robotide\lib\robot\libdocpkg\xmlwriter.pyc
200 File Copy: D:\Python27\Lib\site-packages\robotide\lib\robot\libdocpkg\writer.pyc
200 File Copy: D:\Python27\Lib\site-packages\robotide\lib\robot\libdocpkg\specbuilder.pyc
200 File Copy: D:\Python27\Lib\site-packages\robotide\lib\robot\libdocpkg\robotbuilder.pyc
200 File Copy: D:\Python27\Lib\site-packages\robotide\lib\robot\libdocpkg\output.pyc
200 File Copy: D:\Python27\Lib\site-packages\robotide\lib\robot\libdocpkg\model.pyc
200 File Copy: D:\Python27\Lib\site-packages\robotide\lib\robot\libdocpkg\javabuilder.pyc
200 File Copy: D:\Python27\Lib\site-packages\robotide\lib\robot\libdocpkg\htmlwriter.pyc
200 File Copy: D:\Python27\Lib\site-packages\robotide\lib\robot\libdocpkg\consoleviewer.pyc
200 File Copy: D:\Python27\Lib\site-packages\robotide\lib\robot\libdocpkg\builder.pyc
200 File Copy: D:\Python27\Lib\site-packages\robotide\lib\robot\libdocpkg\__init__.pyc
200 File Copy: D:\Python27\Lib\site-packages\robotide\lib\robot\htmldata\template.pyc
200 File Copy: D:\Python27\Lib\site-packages\robotide\lib\robot\htmldata\normaltemplate.pyc
200 File Copy: D:\Python27\Lib\site-packages\robotide\lib\robot\htmldata\jsonwriter.pyc
200 File Copy: D:\Python27\Lib\site-packages\robotide\lib\robot\htmldata\jartemplate.pyc
200 File Copy: D:\Python27\Lib\site-packages\robotide\lib\robot\htmldata\htmlfilewriter.pyc
200 File Copy: D:\Python27\Lib\site-packages\robotide\lib\robot\htmldata\__init__.pyc
200 File Copy: D:\Python27\Lib\site-packages\robotide\lib\robot\conf\settings.pyc
200 File Copy: D:\Python27\Lib\site-packages\robotide\lib\robot\conf\__init__.pyc
200 File Copy: D:\Python27\Lib\site-packages\robotide\lib\robot\common\statistics.pyc
200 File Copy: D:\Python27\Lib\site-packages\robotide\lib\robot\common\model.pyc
200 File Copy: D:\Python27\Lib\site-packages\robotide\lib\robot\common\libraries.pyc
200 File Copy: D:\Python27\Lib\site-packages\robotide\lib\robot\common\keyword.pyc
200 File Copy: D:\Python27\Lib\site-packages\robotide\lib\robot\common\handlers.pyc
200 File Copy: D:\Python27\Lib\site-packages\robotide\lib\robot\common\__init__.pyc
200 File Copy: D:\Python27\Lib\site-packages\robotide\lib\robot\api\logger.pyc
200 File Copy: D:\Python27\Lib\site-packages\robotide\lib\robot\api\__init__.pyc
200 File Copy: D:\Python27\Lib\site-packages\robotide\lib\robot\version.pyc
200 File Copy: D:\Python27\Lib\site-packages\robotide\lib\robot\tidy.pyc
200 File Copy: D:\Python27\Lib\site-packages\robotide\lib\robot\testdoc.pyc
200 File Copy: D:\Python27\Lib\site-packages\robotide\lib\robot\runner.pyc
200 File Copy: D:\Python27\Lib\site-packages\robotide\lib\robot\run.pyc
200 File Copy: D:\Python27\Lib\site-packages\robotide\lib\robot\rebot.pyc
200 File Copy: D:\Python27\Lib\site-packages\robotide\lib\robot\pythonpathsetter.pyc
200 File Copy: D:\Python27\Lib\site-packages\robotide\lib\robot\libdoc.pyc
200 File Copy: D:\Python27\Lib\site-packages\robotide\lib\robot\jythonworkarounds.pyc
200 File Copy: D:\Python27\Lib\site-packages\robotide\lib\robot\jarrunner.pyc
200 File Copy: D:\Python27\Lib\site-packages\robotide\lib\robot\errors.pyc
200 File Copy: D:\Python27\Lib\site-packages\robotide\lib\robot\__init__.pyc
200 File Copy: D:\Python27\Lib\site-packages\robotide\editor\tooltips.pyc
200 File Copy: D:\Python27\Lib\site-packages\robotide\editor\texteditor.pyc
200 File Copy: D:\Python27\Lib\site-packages\robotide\editor\tags.pyc
200 File Copy: D:\Python27\Lib\site-packages\robotide\editor\settingeditors.pyc
200 File Copy: D:\Python27\Lib\site-packages\robotide\editor\robotframeworklexer.pyc
200 File Copy: D:\Python27\Lib\site-packages\robotide\editor\popupwindow.pyc
200 File Copy: D:\Python27\Lib\site-packages\robotide\editor\macroeditors.pyc
200 File Copy: D:\Python27\Lib\site-packages\robotide\editor\listeditor.pyc
200 File Copy: D:\Python27\Lib\site-packages\robotide\editor\kweditor.pyc
200 File Copy: D:\Python27\Lib\site-packages\robotide\editor\gridcolorizer.pyc
200 File Copy: D:\Python27\Lib\site-packages\robotide\editor\grid.pyc
200 File Copy: D:\Python27\Lib\site-packages\robotide\editor\formatters.pyc
200 File Copy: D:\Python27\Lib\site-packages\robotide\editor\flowsizer.pyc
200 File Copy: D:\Python27\Lib\site-packages\robotide\editor\fieldeditors.pyc
200 File Copy: D:\Python27\Lib\site-packages\robotide\editor\editors.pyc
200 File Copy: D:\Python27\Lib\site-packages\robotide\editor\editordialogs.pyc
200 File Copy: D:\Python27\Lib\site-packages\robotide\editor\editorcreator.pyc
200 File Copy: D:\Python27\Lib\site-packages\robotide\editor\dialoghelps.pyc
200 File Copy: D:\Python27\Lib\site-packages\robotide\editor\contentassist.pyc
200 File Copy: D:\Python27\Lib\site-packages\robotide\editor\clipboard.pyc
200 File Copy: D:\Python27\Lib\site-packages\robotide\editor\__init__.pyc
200 File Copy: D:\Python27\Lib\site-packages\robotide\controller\ui\treecontroller.pyc
200 File Copy: D:\Python27\Lib\site-packages\robotide\controller\ui\__init__.pyc
200 File Copy: D:\Python27\Lib\site-packages\robotide\controller\validators.pyc
200 File Copy: D:\Python27\Lib\site-packages\robotide\controller\testexecutionresults.pyc
200 File Copy: D:\Python27\Lib\site-packages\robotide\controller\tags.pyc
200 File Copy: D:\Python27\Lib\site-packages\robotide\controller\tablecontrollers.pyc
200 File Copy: D:\Python27\Lib\site-packages\robotide\controller\stepcontrollers.pyc
200 File Copy: D:\Python27\Lib\site-packages\robotide\controller\settingcontrollers.pyc
200 File Copy: D:\Python27\Lib\site-packages\robotide\controller\robotdata.pyc
200 File Copy: D:\Python27\Lib\site-packages\robotide\controller\macrocontrollers.pyc
200 File Copy: D:\Python27\Lib\site-packages\robotide\controller\filecontrollers.pyc
200 File Copy: D:\Python27\Lib\site-packages\robotide\controller\dataloader.pyc
200 File Copy: D:\Python27\Lib\site-packages\robotide\controller\commands.pyc
200 File Copy: D:\Python27\Lib\site-packages\robotide\controller\chiefcontroller.pyc
200 File Copy: D:\Python27\Lib\site-packages\robotide\controller\cellinfo.pyc
200 File Copy: D:\Python27\Lib\site-packages\robotide\controller\basecontroller.pyc
200 File Copy: D:\Python27\Lib\site-packages\robotide\controller\arguments.pyc
200 File Copy: D:\Python27\Lib\site-packages\robotide\controller\__init__.pyc
200 File Copy: D:\Python27\Lib\site-packages\robotide\contrib\testrunner\usages.pyc
200 File Copy: D:\Python27\Lib\site-packages\robotide\contrib\testrunner\testrunnerplugin.pyc
200 File Copy: D:\Python27\Lib\site-packages\robotide\contrib\testrunner\TestRunnerAgent.pyc
200 File Copy: D:\Python27\Lib\site-packages\robotide\contrib\testrunner\testrunner.pyc
200 File Copy: D:\Python27\Lib\site-packages\robotide\contrib\testrunner\runprofiles.pyc
200 File Copy: D:\Python27\Lib\site-packages\robotide\contrib\testrunner\__init__.pyc
200 File Copy: D:\Python27\Lib\site-packages\robotide\contrib\__init__.pyc
200 File Copy: D:\Python27\Lib\site-packages\robotide\context\platform.pyc
200 File Copy: D:\Python27\Lib\site-packages\robotide\context\logger.pyc
200 File Copy: D:\Python27\Lib\site-packages\robotide\context\coreplugins.pyc
200 File Copy: D:\Python27\Lib\site-packages\robotide\context\__init__.pyc
200 File Copy: D:\Python27\Lib\site-packages\robotide\application\updatenotifier.pyc
200 File Copy: D:\Python27\Lib\site-packages\robotide\application\releasenotes.pyc
200 File Copy: D:\Python27\Lib\site-packages\robotide\application\pluginloader.pyc
200 File Copy: D:\Python27\Lib\site-packages\robotide\application\pluginconnector.pyc
200 File Copy: D:\Python27\Lib\site-packages\robotide\application\editorprovider.pyc
200 File Copy: D:\Python27\Lib\site-packages\robotide\application\application.pyc
200 File Copy: D:\Python27\Lib\site-packages\robotide\application\__init__.pyc
200 File Copy: D:\Python27\Lib\site-packages\robotide\action\shortcut.pyc
200 File Copy: D:\Python27\Lib\site-packages\robotide\action\actioninfo.pyc
200 File Copy: D:\Python27\Lib\site-packages\robotide\action\action.pyc
200 File Copy: D:\Python27\Lib\site-packages\robotide\action\__init__.pyc
200 File Copy: D:\Python27\Lib\site-packages\robotide\version.pyc
200 File Copy: D:\Python27\Lib\site-packages\robotide\robotapi.pyc
200 File Copy: D:\Python27\Lib\site-packages\robotide\__init__.pyc
200 File Copy: D:\Python27\Scripts\ride_postinstall.pyo
200 File Copy: D:\Python27\Scripts\ride.pyo
200 File Copy: D:\Python27\Lib\site-packages\robotide\widgets\text.pyo
200 File Copy: D:\Python27\Lib\site-packages\robotide\widgets\sizers.pyo
200 File Copy: D:\Python27\Lib\site-packages\robotide\widgets\popupmenu.pyo
200 File Copy: D:\Python27\Lib\site-packages\robotide\widgets\list.pyo
200 File Copy: D:\Python27\Lib\site-packages\robotide\widgets\label.pyo
200 File Copy: D:\Python27\Lib\site-packages\robotide\widgets\images.pyo
200 File Copy: D:\Python27\Lib\site-packages\robotide\widgets\htmlwindow.pyo
200 File Copy: D:\Python27\Lib\site-packages\robotide\widgets\font.pyo
200 File Copy: D:\Python27\Lib\site-packages\robotide\widgets\dialog.pyo
200 File Copy: D:\Python27\Lib\site-packages\robotide\widgets\button.pyo
200 File Copy: D:\Python27\Lib\site-packages\robotide\widgets\__init__.pyo
200 File Copy: D:\Python27\Lib\site-packages\robotide\validators\__init__.pyo
200 File Copy: D:\Python27\Lib\site-packages\robotide\utils\versioncomparator.pyo
200 File Copy: D:\Python27\Lib\site-packages\robotide\utils\variablematcher.pyo
200 File Copy: D:\Python27\Lib\site-packages\robotide\utils\printing.pyo
200 File Copy: D:\Python27\Lib\site-packages\robotide\utils\highlightmatcher.pyo
200 File Copy: D:\Python27\Lib\site-packages\robotide\utils\eventhandler.pyo
200 File Copy: D:\Python27\Lib\site-packages\robotide\utils\__init__.pyo
200 File Copy: D:\Python27\Lib\site-packages\robotide\usages\usagesdialog.pyo
200 File Copy: D:\Python27\Lib\site-packages\robotide\usages\UsageRunner.pyo
200 File Copy: D:\Python27\Lib\site-packages\robotide\usages\commands.pyo
200 File Copy: D:\Python27\Lib\site-packages\robotide\usages\__init__.pyo
200 File Copy: D:\Python27\Lib\site-packages\robotide\ui\treenodehandlers.pyo
200 File Copy: D:\Python27\Lib\site-packages\robotide\ui\tree.pyo
200 File Copy: D:\Python27\Lib\site-packages\robotide\ui\tagdialogs.pyo
200 File Copy: D:\Python27\Lib\site-packages\robotide\ui\searchdots.pyo
200 File Copy: D:\Python27\Lib\site-packages\robotide\ui\review.pyo
200 File Copy: D:\Python27\Lib\site-packages\robotide\ui\resourcedialogs.pyo
200 File Copy: D:\Python27\Lib\site-packages\robotide\ui\progress.pyo
200 File Copy: D:\Python27\Lib\site-packages\robotide\ui\preview.pyo
200 File Copy: D:\Python27\Lib\site-packages\robotide\ui\pluginmanager.pyo
200 File Copy: D:\Python27\Lib\site-packages\robotide\ui\notebook.pyo
200 File Copy: D:\Python27\Lib\site-packages\robotide\ui\mainframe.pyo
200 File Copy: D:\Python27\Lib\site-packages\robotide\ui\keywordsearch.pyo
200 File Copy: D:\Python27\Lib\site-packages\robotide\ui\images.pyo
200 File Copy: D:\Python27\Lib\site-packages\robotide\ui\filedialogs.pyo
200 File Copy: D:\Python27\Lib\site-packages\robotide\ui\actiontriggers.pyo
200 File Copy: D:\Python27\Lib\site-packages\robotide\ui\__init__.pyo
200 File Copy: D:\Python27\Lib\site-packages\robotide\spec\xmlreaders.pyo
200 File Copy: D:\Python27\Lib\site-packages\robotide\spec\specimporter.pyo
200 File Copy: D:\Python27\Lib\site-packages\robotide\spec\librarymanager.pyo
200 File Copy: D:\Python27\Lib\site-packages\robotide\spec\libraryfetcher.pyo
200 File Copy: D:\Python27\Lib\site-packages\robotide\spec\librarydatabase.pyo
200 File Copy: D:\Python27\Lib\site-packages\robotide\spec\iteminfo.pyo
200 File Copy: D:\Python27\Lib\site-packages\robotide\spec\__init__.pyo
200 File Copy: D:\Python27\Lib\site-packages\robotide\searchtests\searchtests.pyo
200 File Copy: D:\Python27\Lib\site-packages\robotide\searchtests\dialogsearchtests.pyo
200 File Copy: D:\Python27\Lib\site-packages\robotide\searchtests\__init__.pyo
200 File Copy: D:\Python27\Lib\site-packages\robotide\run\ui.pyo
200 File Copy: D:\Python27\Lib\site-packages\robotide\run\runanything.pyo
200 File Copy: D:\Python27\Lib\site-packages\robotide\run\process.pyo
200 File Copy: D:\Python27\Lib\site-packages\robotide\run\configmanagerui.pyo
200 File Copy: D:\Python27\Lib\site-packages\robotide\run\__init__.pyo
200 File Copy: D:\Python27\Lib\site-packages\robotide\recentfiles\recentfiles.pyo
200 File Copy: D:\Python27\Lib\site-packages\robotide\recentfiles\__init__.pyo
200 File Copy: D:\Python27\Lib\site-packages\robotide\publish\publisher.pyo
200 File Copy: D:\Python27\Lib\site-packages\robotide\publish\messagetype.pyo
200 File Copy: D:\Python27\Lib\site-packages\robotide\publish\messages.pyo
200 File Copy: D:\Python27\Lib\site-packages\robotide\publish\__init__.pyo
200 File Copy: D:\Python27\Lib\site-packages\robotide\preferences\widgets.pyo
200 File Copy: D:\Python27\Lib\site-packages\robotide\preferences\settings.pyo
200 File Copy: D:\Python27\Lib\site-packages\robotide\preferences\saving.pyo
200 File Copy: D:\Python27\Lib\site-packages\robotide\preferences\imports.pyo
200 File Copy: D:\Python27\Lib\site-packages\robotide\preferences\excludes.pyo
200 File Copy: D:\Python27\Lib\site-packages\robotide\preferences\editor.pyo
200 File Copy: D:\Python27\Lib\site-packages\robotide\preferences\configobj.pyo
200 File Copy: D:\Python27\Lib\site-packages\robotide\preferences\colors.pyo
200 File Copy: D:\Python27\Lib\site-packages\robotide\preferences\__init__.pyo
200 File Copy: D:\Python27\Lib\site-packages\robotide\pluginapi\tree_aware_plugin_mixin.pyo
200 File Copy: D:\Python27\Lib\site-packages\robotide\pluginapi\plugin.pyo
200 File Copy: D:\Python27\Lib\site-packages\robotide\pluginapi\__init__.pyo
200 File Copy: D:\Python27\Lib\site-packages\robotide\namespace\variablefetcher.pyo
200 File Copy: D:\Python27\Lib\site-packages\robotide\namespace\suggesters.pyo
200 File Copy: D:\Python27\Lib\site-packages\robotide\namespace\resourcefactory.pyo
200 File Copy: D:\Python27\Lib\site-packages\robotide\namespace\namespace.pyo
200 File Copy: D:\Python27\Lib\site-packages\robotide\namespace\local_namespace.pyo
200 File Copy: D:\Python27\Lib\site-packages\robotide\namespace\embeddedargs.pyo
200 File Copy: D:\Python27\Lib\site-packages\robotide\namespace\cache.pyo
200 File Copy: D:\Python27\Lib\site-packages\robotide\namespace\__init__.pyo
200 File Copy: D:\Python27\Lib\site-packages\robotide\log\log.pyo
200 File Copy: D:\Python27\Lib\site-packages\robotide\log\__init__.pyo
200 File Copy: D:\Python27\Lib\site-packages\robotide\lib\robot\writer\rowsplitter.pyo
200 File Copy: D:\Python27\Lib\site-packages\robotide\lib\robot\writer\htmltemplate.pyo
200 File Copy: D:\Python27\Lib\site-packages\robotide\lib\robot\writer\htmlformatter.pyo
200 File Copy: D:\Python27\Lib\site-packages\robotide\lib\robot\writer\formatters.pyo
200 File Copy: D:\Python27\Lib\site-packages\robotide\lib\robot\writer\filewriters.pyo
200 File Copy: D:\Python27\Lib\site-packages\robotide\lib\robot\writer\datafilewriter.pyo
200 File Copy: D:\Python27\Lib\site-packages\robotide\lib\robot\writer\dataextractor.pyo
200 File Copy: D:\Python27\Lib\site-packages\robotide\lib\robot\writer\aligners.pyo
200 File Copy: D:\Python27\Lib\site-packages\robotide\lib\robot\writer\__init__.pyo
200 File Copy: D:\Python27\Lib\site-packages\robotide\lib\robot\variables\variablesplitter.pyo
200 File Copy: D:\Python27\Lib\site-packages\robotide\lib\robot\variables\variables.pyo
200 File Copy: D:\Python27\Lib\site-packages\robotide\lib\robot\variables\variableassigner.pyo
200 File Copy: D:\Python27\Lib\site-packages\robotide\lib\robot\variables\isvar.pyo
200 File Copy: D:\Python27\Lib\site-packages\robotide\lib\robot\variables\__init__.pyo
200 File Copy: D:\Python27\Lib\site-packages\robotide\lib\robot\utils\unic.pyo
200 File Copy: D:\Python27\Lib\site-packages\robotide\lib\robot\utils\text.pyo
200 File Copy: D:\Python27\Lib\site-packages\robotide\lib\robot\utils\setter.pyo
200 File Copy: D:\Python27\Lib\site-packages\robotide\lib\robot\utils\robottime.pyo
200 File Copy: D:\Python27\Lib\site-packages\robotide\lib\robot\utils\robotpath.pyo
200 File Copy: D:\Python27\Lib\site-packages\robotide\lib\robot\utils\robotenv.pyo
200 File Copy: D:\Python27\Lib\site-packages\robotide\lib\robot\utils\normalizing.pyo
200 File Copy: D:\Python27\Lib\site-packages\robotide\lib\robot\utils\misc.pyo
200 File Copy: D:\Python27\Lib\site-packages\robotide\lib\robot\utils\match.pyo
200 File Copy: D:\Python27\Lib\site-packages\robotide\lib\robot\utils\markupwriters.pyo
200 File Copy: D:\Python27\Lib\site-packages\robotide\lib\robot\utils\markuputils.pyo
200 File Copy: D:\Python27\Lib\site-packages\robotide\lib\robot\utils\importer.pyo
200 File Copy: D:\Python27\Lib\site-packages\robotide\lib\robot\utils\htmlformatters.pyo
200 File Copy: D:\Python27\Lib\site-packages\robotide\lib\robot\utils\etreewrapper.pyo
200 File Copy: D:\Python27\Lib\site-packages\robotide\lib\robot\utils\escaping.pyo
200 File Copy: D:\Python27\Lib\site-packages\robotide\lib\robot\utils\error.pyo
200 File Copy: D:\Python27\Lib\site-packages\robotide\lib\robot\utils\encodingsniffer.pyo
200 File Copy: D:\Python27\Lib\site-packages\robotide\lib\robot\utils\encoding.pyo
200 File Copy: D:\Python27\Lib\site-packages\robotide\lib\robot\utils\connectioncache.pyo
200 File Copy: D:\Python27\Lib\site-packages\robotide\lib\robot\utils\compress.pyo
200 File Copy: D:\Python27\Lib\site-packages\robotide\lib\robot\utils\charwidth.pyo
200 File Copy: D:\Python27\Lib\site-packages\robotide\lib\robot\utils\asserts.pyo
200 File Copy: D:\Python27\Lib\site-packages\robotide\lib\robot\utils\argumentparser.pyo
200 File Copy: D:\Python27\Lib\site-packages\robotide\lib\robot\utils\application.pyo
200 File Copy: D:\Python27\Lib\site-packages\robotide\lib\robot\utils\__init__.pyo
200 File Copy: D:\Python27\Lib\site-packages\robotide\lib\robot\running\timeouts\timeoutwin.pyo
200 File Copy: D:\Python27\Lib\site-packages\robotide\lib\robot\running\timeouts\timeoutthread.pyo
200 File Copy: D:\Python27\Lib\site-packages\robotide\lib\robot\running\timeouts\timeoutsignaling.pyo
200 File Copy: D:\Python27\Lib\site-packages\robotide\lib\robot\running\timeouts\stoppablethread.pyo
200 File Copy: D:\Python27\Lib\site-packages\robotide\lib\robot\running\timeouts\__init__.pyo
200 File Copy: D:\Python27\Lib\site-packages\robotide\lib\robot\running\userkeyword.pyo
200 File Copy: D:\Python27\Lib\site-packages\robotide\lib\robot\running\usererrorhandler.pyo
200 File Copy: D:\Python27\Lib\site-packages\robotide\lib\robot\running\testlibraries.pyo
200 File Copy: D:\Python27\Lib\site-packages\robotide\lib\robot\running\signalhandler.pyo
200 File Copy: D:\Python27\Lib\site-packages\robotide\lib\robot\running\runkwregister.pyo
200 File Copy: D:\Python27\Lib\site-packages\robotide\lib\robot\running\runerrors.pyo
200 File Copy: D:\Python27\Lib\site-packages\robotide\lib\robot\running\outputcapture.pyo
200 File Copy: D:\Python27\Lib\site-packages\robotide\lib\robot\running\namespace.pyo
200 File Copy: D:\Python27\Lib\site-packages\robotide\lib\robot\running\model.pyo
200 File Copy: D:\Python27\Lib\site-packages\robotide\lib\robot\running\keywords.pyo
200 File Copy: D:\Python27\Lib\site-packages\robotide\lib\robot\running\javaargcoercer.pyo
200 File Copy: D:\Python27\Lib\site-packages\robotide\lib\robot\running\importer.pyo
200 File Copy: D:\Python27\Lib\site-packages\robotide\lib\robot\running\handlers.pyo
200 File Copy: D:\Python27\Lib\site-packages\robotide\lib\robot\running\fixture.pyo
200 File Copy: D:\Python27\Lib\site-packages\robotide\lib\robot\running\defaultvalues.pyo
200 File Copy: D:\Python27\Lib\site-packages\robotide\lib\robot\running\context.pyo
200 File Copy: D:\Python27\Lib\site-packages\robotide\lib\robot\running\arguments.pyo
200 File Copy: D:\Python27\Lib\site-packages\robotide\lib\robot\running\__init__.pyo
200 File Copy: D:\Python27\Lib\site-packages\robotide\lib\robot\result\xmlelementhandlers.pyo
200 File Copy: D:\Python27\Lib\site-packages\robotide\lib\robot\result\visitor.pyo
200 File Copy: D:\Python27\Lib\site-packages\robotide\lib\robot\result\testsuite.pyo
200 File Copy: D:\Python27\Lib\site-packages\robotide\lib\robot\result\testcase.pyo
200 File Copy: D:\Python27\Lib\site-packages\robotide\lib\robot\result\suiteteardownfailed.pyo
200 File Copy: D:\Python27\Lib\site-packages\robotide\lib\robot\result\resultbuilder.pyo
200 File Copy: D:\Python27\Lib\site-packages\robotide\lib\robot\result\messagefilter.pyo
200 File Copy: D:\Python27\Lib\site-packages\robotide\lib\robot\result\message.pyo
200 File Copy: D:\Python27\Lib\site-packages\robotide\lib\robot\result\keywordremover.pyo
200 File Copy: D:\Python27\Lib\site-packages\robotide\lib\robot\result\keyword.pyo
200 File Copy: D:\Python27\Lib\site-packages\robotide\lib\robot\result\executionresult.pyo
200 File Copy: D:\Python27\Lib\site-packages\robotide\lib\robot\result\executionerrors.pyo
200 File Copy: D:\Python27\Lib\site-packages\robotide\lib\robot\result\configurer.pyo
200 File Copy: D:\Python27\Lib\site-packages\robotide\lib\robot\result\__init__.pyo
200 File Copy: D:\Python27\Lib\site-packages\robotide\lib\robot\reporting\xunitwriter.pyo
200 File Copy: D:\Python27\Lib\site-packages\robotide\lib\robot\reporting\stringcache.pyo
200 File Copy: D:\Python27\Lib\site-packages\robotide\lib\robot\reporting\resultwriter.pyo
200 File Copy: D:\Python27\Lib\site-packages\robotide\lib\robot\reporting\outputwriter.pyo
200 File Copy: D:\Python27\Lib\site-packages\robotide\lib\robot\reporting\logreportwriters.pyo
200 File Copy: D:\Python27\Lib\site-packages\robotide\lib\robot\reporting\jswriter.pyo
200 File Copy: D:\Python27\Lib\site-packages\robotide\lib\robot\reporting\jsmodelbuilders.pyo
200 File Copy: D:\Python27\Lib\site-packages\robotide\lib\robot\reporting\jsexecutionresult.pyo
200 File Copy: D:\Python27\Lib\site-packages\robotide\lib\robot\reporting\jsbuildingcontext.pyo
200 File Copy: D:\Python27\Lib\site-packages\robotide\lib\robot\reporting\__init__.pyo
200 File Copy: D:\Python27\Lib\site-packages\robotide\lib\robot\parsing\txtreader.pyo
200 File Copy: D:\Python27\Lib\site-packages\robotide\lib\robot\parsing\tsvreader.pyo
200 File Copy: D:\Python27\Lib\site-packages\robotide\lib\robot\parsing\tablepopulators.pyo
200 File Copy: D:\Python27\Lib\site-packages\robotide\lib\robot\parsing\settings.pyo
200 File Copy: D:\Python27\Lib\site-packages\robotide\lib\robot\parsing\restreader.pyo
200 File Copy: D:\Python27\Lib\site-packages\robotide\lib\robot\parsing\populators.pyo
200 File Copy: D:\Python27\Lib\site-packages\robotide\lib\robot\parsing\model.pyo
200 File Copy: D:\Python27\Lib\site-packages\robotide\lib\robot\parsing\htmlreader.pyo
200 File Copy: D:\Python27\Lib\site-packages\robotide\lib\robot\parsing\datarow.pyo
200 File Copy: D:\Python27\Lib\site-packages\robotide\lib\robot\parsing\comments.pyo
200 File Copy: D:\Python27\Lib\site-packages\robotide\lib\robot\parsing\__init__.pyo
200 File Copy: D:\Python27\Lib\site-packages\robotide\lib\robot\output\xmllogger.pyo
200 File Copy: D:\Python27\Lib\site-packages\robotide\lib\robot\output\stdoutlogsplitter.pyo
200 File Copy: D:\Python27\Lib\site-packages\robotide\lib\robot\output\pyloggingconf.pyo
200 File Copy: D:\Python27\Lib\site-packages\robotide\lib\robot\output\output.pyo
200 File Copy: D:\Python27\Lib\site-packages\robotide\lib\robot\output\monitor.pyo
200 File Copy: D:\Python27\Lib\site-packages\robotide\lib\robot\output\loggerhelper.pyo
200 File Copy: D:\Python27\Lib\site-packages\robotide\lib\robot\output\logger.pyo
200 File Copy: D:\Python27\Lib\site-packages\robotide\lib\robot\output\listeners.pyo
200 File Copy: D:\Python27\Lib\site-packages\robotide\lib\robot\output\highlighting.pyo
200 File Copy: D:\Python27\Lib\site-packages\robotide\lib\robot\output\filelogger.pyo
200 File Copy: D:\Python27\Lib\site-packages\robotide\lib\robot\output\debugfile.pyo
200 File Copy: D:\Python27\Lib\site-packages\robotide\lib\robot\output\__init__.pyo
200 File Copy: D:\Python27\Lib\site-packages\robotide\lib\robot\model\visitor.pyo
200 File Copy: D:\Python27\Lib\site-packages\robotide\lib\robot\model\totalstatistics.pyo
200 File Copy: D:\Python27\Lib\site-packages\robotide\lib\robot\model\testsuite.pyo
200 File Copy: D:\Python27\Lib\site-packages\robotide\lib\robot\model\testcase.pyo
200 File Copy: D:\Python27\Lib\site-packages\robotide\lib\robot\model\tagstatistics.pyo
200 File Copy: D:\Python27\Lib\site-packages\robotide\lib\robot\model\tagsetter.pyo
200 File Copy: D:\Python27\Lib\site-packages\robotide\lib\robot\model\tags.pyo
200 File Copy: D:\Python27\Lib\site-packages\robotide\lib\robot\model\suitestatistics.pyo
200 File Copy: D:\Python27\Lib\site-packages\robotide\lib\robot\model\stats.pyo
200 File Copy: D:\Python27\Lib\site-packages\robotide\lib\robot\model\statistics.pyo
200 File Copy: D:\Python27\Lib\site-packages\robotide\lib\robot\model\namepatterns.pyo
200 File Copy: D:\Python27\Lib\site-packages\robotide\lib\robot\model\modelobject.pyo
200 File Copy: D:\Python27\Lib\site-packages\robotide\lib\robot\model\metadata.pyo
200 File Copy: D:\Python27\Lib\site-packages\robotide\lib\robot\model\message.pyo
200 File Copy: D:\Python27\Lib\site-packages\robotide\lib\robot\model\keyword.pyo
200 File Copy: D:\Python27\Lib\site-packages\robotide\lib\robot\model\itemlist.pyo
200 File Copy: D:\Python27\Lib\site-packages\robotide\lib\robot\model\filter.pyo
200 File Copy: D:\Python27\Lib\site-packages\robotide\lib\robot\model\criticality.pyo
200 File Copy: D:\Python27\Lib\site-packages\robotide\lib\robot\model\__init__.pyo
200 File Copy: D:\Python27\Lib\site-packages\robotide\lib\robot\libraries\XML.pyo
200 File Copy: D:\Python27\Lib\site-packages\robotide\lib\robot\libraries\Telnet.pyo
200 File Copy: D:\Python27\Lib\site-packages\robotide\lib\robot\libraries\String.pyo
200 File Copy: D:\Python27\Lib\site-packages\robotide\lib\robot\libraries\Screenshot.pyo
200 File Copy: D:\Python27\Lib\site-packages\robotide\lib\robot\libraries\Reserved.pyo
200 File Copy: D:\Python27\Lib\site-packages\robotide\lib\robot\libraries\Remote.pyo
200 File Copy: D:\Python27\Lib\site-packages\robotide\lib\robot\libraries\Process.pyo
200 File Copy: D:\Python27\Lib\site-packages\robotide\lib\robot\libraries\OperatingSystem.pyo
200 File Copy: D:\Python27\Lib\site-packages\robotide\lib\robot\libraries\Easter.pyo
200 File Copy: D:\Python27\Lib\site-packages\robotide\lib\robot\libraries\dialogs_py.pyo
200 File Copy: D:\Python27\Lib\site-packages\robotide\lib\robot\libraries\dialogs_jy.pyo
200 File Copy: D:\Python27\Lib\site-packages\robotide\lib\robot\libraries\dialogs_ipy.pyo
200 File Copy: D:\Python27\Lib\site-packages\robotide\lib\robot\libraries\Dialogs.pyo
200 File Copy: D:\Python27\Lib\site-packages\robotide\lib\robot\libraries\DeprecatedOperatingSystem.pyo
200 File Copy: D:\Python27\Lib\site-packages\robotide\lib\robot\libraries\DeprecatedBuiltIn.pyo
200 File Copy: D:\Python27\Lib\site-packages\robotide\lib\robot\libraries\Collections.pyo
200 File Copy: D:\Python27\Lib\site-packages\robotide\lib\robot\libraries\BuiltIn.pyo
200 File Copy: D:\Python27\Lib\site-packages\robotide\lib\robot\libraries\__init__.pyo
200 File Copy: D:\Python27\Lib\site-packages\robotide\lib\robot\libdocpkg\xmlwriter.pyo
200 File Copy: D:\Python27\Lib\site-packages\robotide\lib\robot\libdocpkg\writer.pyo
200 File Copy: D:\Python27\Lib\site-packages\robotide\lib\robot\libdocpkg\specbuilder.pyo
200 File Copy: D:\Python27\Lib\site-packages\robotide\lib\robot\libdocpkg\robotbuilder.pyo
200 File Copy: D:\Python27\Lib\site-packages\robotide\lib\robot\libdocpkg\output.pyo
200 File Copy: D:\Python27\Lib\site-packages\robotide\lib\robot\libdocpkg\model.pyo
200 File Copy: D:\Python27\Lib\site-packages\robotide\lib\robot\libdocpkg\javabuilder.pyo
200 File Copy: D:\Python27\Lib\site-packages\robotide\lib\robot\libdocpkg\htmlwriter.pyo
200 File Copy: D:\Python27\Lib\site-packages\robotide\lib\robot\libdocpkg\consoleviewer.pyo
200 File Copy: D:\Python27\Lib\site-packages\robotide\lib\robot\libdocpkg\builder.pyo
200 File Copy: D:\Python27\Lib\site-packages\robotide\lib\robot\libdocpkg\__init__.pyo
200 File Copy: D:\Python27\Lib\site-packages\robotide\lib\robot\htmldata\template.pyo
200 File Copy: D:\Python27\Lib\site-packages\robotide\lib\robot\htmldata\normaltemplate.pyo
200 File Copy: D:\Python27\Lib\site-packages\robotide\lib\robot\htmldata\jsonwriter.pyo
200 File Copy: D:\Python27\Lib\site-packages\robotide\lib\robot\htmldata\jartemplate.pyo
200 File Copy: D:\Python27\Lib\site-packages\robotide\lib\robot\htmldata\htmlfilewriter.pyo
200 File Copy: D:\Python27\Lib\site-packages\robotide\lib\robot\htmldata\__init__.pyo
200 File Copy: D:\Python27\Lib\site-packages\robotide\lib\robot\conf\settings.pyo
200 File Copy: D:\Python27\Lib\site-packages\robotide\lib\robot\conf\__init__.pyo
200 File Copy: D:\Python27\Lib\site-packages\robotide\lib\robot\common\statistics.pyo
200 File Copy: D:\Python27\Lib\site-packages\robotide\lib\robot\common\model.pyo
200 File Copy: D:\Python27\Lib\site-packages\robotide\lib\robot\common\libraries.pyo
200 File Copy: D:\Python27\Lib\site-packages\robotide\lib\robot\common\keyword.pyo
200 File Copy: D:\Python27\Lib\site-packages\robotide\lib\robot\common\handlers.pyo
200 File Copy: D:\Python27\Lib\site-packages\robotide\lib\robot\common\__init__.pyo
200 File Copy: D:\Python27\Lib\site-packages\robotide\lib\robot\api\logger.pyo
200 File Copy: D:\Python27\Lib\site-packages\robotide\lib\robot\api\__init__.pyo
200 File Copy: D:\Python27\Lib\site-packages\robotide\lib\robot\version.pyo
200 File Copy: D:\Python27\Lib\site-packages\robotide\lib\robot\tidy.pyo
200 File Copy: D:\Python27\Lib\site-packages\robotide\lib\robot\testdoc.pyo
200 File Copy: D:\Python27\Lib\site-packages\robotide\lib\robot\runner.pyo
200 File Copy: D:\Python27\Lib\site-packages\robotide\lib\robot\run.pyo
200 File Copy: D:\Python27\Lib\site-packages\robotide\lib\robot\rebot.pyo
200 File Copy: D:\Python27\Lib\site-packages\robotide\lib\robot\pythonpathsetter.pyo
200 File Copy: D:\Python27\Lib\site-packages\robotide\lib\robot\libdoc.pyo
200 File Copy: D:\Python27\Lib\site-packages\robotide\lib\robot\jythonworkarounds.pyo
200 File Copy: D:\Python27\Lib\site-packages\robotide\lib\robot\jarrunner.pyo
200 File Copy: D:\Python27\Lib\site-packages\robotide\lib\robot\errors.pyo
200 File Copy: D:\Python27\Lib\site-packages\robotide\lib\robot\__init__.pyo
200 File Copy: D:\Python27\Lib\site-packages\robotide\editor\tooltips.pyo
200 File Copy: D:\Python27\Lib\site-packages\robotide\editor\texteditor.pyo
200 File Copy: D:\Python27\Lib\site-packages\robotide\editor\tags.pyo
200 File Copy: D:\Python27\Lib\site-packages\robotide\editor\settingeditors.pyo
200 File Copy: D:\Python27\Lib\site-packages\robotide\editor\robotframeworklexer.pyo
200 File Copy: D:\Python27\Lib\site-packages\robotide\editor\popupwindow.pyo
200 File Copy: D:\Python27\Lib\site-packages\robotide\editor\macroeditors.pyo
200 File Copy: D:\Python27\Lib\site-packages\robotide\editor\listeditor.pyo
200 File Copy: D:\Python27\Lib\site-packages\robotide\editor\kweditor.pyo
200 File Copy: D:\Python27\Lib\site-packages\robotide\editor\gridcolorizer.pyo
200 File Copy: D:\Python27\Lib\site-packages\robotide\editor\grid.pyo
200 File Copy: D:\Python27\Lib\site-packages\robotide\editor\formatters.pyo
200 File Copy: D:\Python27\Lib\site-packages\robotide\editor\flowsizer.pyo
200 File Copy: D:\Python27\Lib\site-packages\robotide\editor\fieldeditors.pyo
200 File Copy: D:\Python27\Lib\site-packages\robotide\editor\editors.pyo
200 File Copy: D:\Python27\Lib\site-packages\robotide\editor\editordialogs.pyo
200 File Copy: D:\Python27\Lib\site-packages\robotide\editor\editorcreator.pyo
200 File Copy: D:\Python27\Lib\site-packages\robotide\editor\dialoghelps.pyo
200 File Copy: D:\Python27\Lib\site-packages\robotide\editor\contentassist.pyo
200 File Copy: D:\Python27\Lib\site-packages\robotide\editor\clipboard.pyo
200 File Copy: D:\Python27\Lib\site-packages\robotide\editor\__init__.pyo
200 File Copy: D:\Python27\Lib\site-packages\robotide\controller\ui\treecontroller.pyo
200 File Copy: D:\Python27\Lib\site-packages\robotide\controller\ui\__init__.pyo
200 File Copy: D:\Python27\Lib\site-packages\robotide\controller\validators.pyo
200 File Copy: D:\Python27\Lib\site-packages\robotide\controller\testexecutionresults.pyo
200 File Copy: D:\Python27\Lib\site-packages\robotide\controller\tags.pyo
200 File Copy: D:\Python27\Lib\site-packages\robotide\controller\tablecontrollers.pyo
200 File Copy: D:\Python27\Lib\site-packages\robotide\controller\stepcontrollers.pyo
200 File Copy: D:\Python27\Lib\site-packages\robotide\controller\settingcontrollers.pyo
200 File Copy: D:\Python27\Lib\site-packages\robotide\controller\robotdata.pyo
200 File Copy: D:\Python27\Lib\site-packages\robotide\controller\macrocontrollers.pyo
200 File Copy: D:\Python27\Lib\site-packages\robotide\controller\filecontrollers.pyo
200 File Copy: D:\Python27\Lib\site-packages\robotide\controller\dataloader.pyo
200 File Copy: D:\Python27\Lib\site-packages\robotide\controller\commands.pyo
200 File Copy: D:\Python27\Lib\site-packages\robotide\controller\chiefcontroller.pyo
200 File Copy: D:\Python27\Lib\site-packages\robotide\controller\cellinfo.pyo
200 File Copy: D:\Python27\Lib\site-packages\robotide\controller\basecontroller.pyo
200 File Copy: D:\Python27\Lib\site-packages\robotide\controller\arguments.pyo
200 File Copy: D:\Python27\Lib\site-packages\robotide\controller\__init__.pyo
200 File Copy: D:\Python27\Lib\site-packages\robotide\contrib\testrunner\usages.pyo
200 File Copy: D:\Python27\Lib\site-packages\robotide\contrib\testrunner\testrunnerplugin.pyo
200 File Copy: D:\Python27\Lib\site-packages\robotide\contrib\testrunner\TestRunnerAgent.pyo
200 File Copy: D:\Python27\Lib\site-packages\robotide\contrib\testrunner\testrunner.pyo
200 File Copy: D:\Python27\Lib\site-packages\robotide\contrib\testrunner\runprofiles.pyo
200 File Copy: D:\Python27\Lib\site-packages\robotide\contrib\testrunner\__init__.pyo
200 File Copy: D:\Python27\Lib\site-packages\robotide\contrib\__init__.pyo
200 File Copy: D:\Python27\Lib\site-packages\robotide\context\platform.pyo
200 File Copy: D:\Python27\Lib\site-packages\robotide\context\logger.pyo
200 File Copy: D:\Python27\Lib\site-packages\robotide\context\coreplugins.pyo
200 File Copy: D:\Python27\Lib\site-packages\robotide\context\__init__.pyo
200 File Copy: D:\Python27\Lib\site-packages\robotide\application\updatenotifier.pyo
200 File Copy: D:\Python27\Lib\site-packages\robotide\application\releasenotes.pyo
200 File Copy: D:\Python27\Lib\site-packages\robotide\application\pluginloader.pyo
200 File Copy: D:\Python27\Lib\site-packages\robotide\application\pluginconnector.pyo
200 File Copy: D:\Python27\Lib\site-packages\robotide\application\editorprovider.pyo
200 File Copy: D:\Python27\Lib\site-packages\robotide\application\application.pyo
200 File Copy: D:\Python27\Lib\site-packages\robotide\application\__init__.pyo
200 File Copy: D:\Python27\Lib\site-packages\robotide\action\shortcut.pyo
200 File Copy: D:\Python27\Lib\site-packages\robotide\action\actioninfo.pyo
200 File Copy: D:\Python27\Lib\site-packages\robotide\action\action.pyo
200 File Copy: D:\Python27\Lib\site-packages\robotide\action\__init__.pyo
200 File Copy: D:\Python27\Lib\site-packages\robotide\version.pyo
200 File Copy: D:\Python27\Lib\site-packages\robotide\robotapi.pyo
200 File Copy: D:\Python27\Lib\site-packages\robotide\__init__.pyo
300 Run Script: [python27.dll]D:\Python27\Scripts\ride_postinstall.py
200 File Copy: C:\Users\Administrator\Desktop\RIDE.lnk
*** Installation finished 2018/04/03 15:16 ***
